#
# There is insufficient memory for the Java Runtime Environment to continue.
# Native memory allocation (malloc) failed to allocate 2044240 bytes. Error detail: Chunk::new
# Possible reasons:
#   The system is out of physical RAM or swap space
#   This process is running with CompressedOops enabled, and the Java Heap may be blocking the growth of the native heap
# Possible solutions:
#   Reduce memory load on the system
#   Increase physical memory or swap space
#   Check if swap backing store is full
#   Decrease Java heap size (-Xmx/-Xms)
#   Decrease number of Java threads
#   Decrease Java thread stack sizes (-Xss)
#   Set larger code cache with -XX:ReservedCodeCacheSize=
#   JVM is running with Unscaled Compressed Oops mode in which the Java heap is
#     placed in the first 4GB address space. The Java Heap base address is the
#     maximum limit for the native heap growth. Please use -XX:HeapBaseMinAddress
#     to set the Java Heap base and to place the Java Heap above 4GB virtual address.
# This output file may be truncated or incomplete.
#
#  Out of Memory Error (arena.cpp:162), pid=10228, tid=16616
#
# JRE version: Java(TM) SE Runtime Environment (24.0.2+12) (build 24.0.2+12-54)
# Java VM: Java HotSpot(TM) 64-Bit Server VM (24.0.2+12-54, mixed mode, sharing, tiered, compressed oops, compressed class ptrs, g1 gc, windows-amd64)
# No core dump will be written. Minidumps are not enabled by default on client versions of Windows
#

---------------  S U M M A R Y ------------

Command Line: --add-opens=java.base/java.lang=ALL-UNNAMED --add-opens=java.base/java.lang.invoke=ALL-UNNAMED --add-opens=java.base/java.util=ALL-UNNAMED --add-opens=java.prefs/java.util.prefs=ALL-UNNAMED --add-exports=jdk.compiler/com.sun.tools.javac.api=ALL-UNNAMED --add-exports=jdk.compiler/com.sun.tools.javac.util=ALL-UNNAMED --add-opens=java.base/java.util=ALL-UNNAMED --add-opens=java.prefs/java.util.prefs=ALL-UNNAMED --add-opens=java.base/java.nio.charset=ALL-UNNAMED --add-opens=java.base/java.net=ALL-UNNAMED --add-opens=java.base/java.util.concurrent=ALL-UNNAMED --add-opens=java.base/java.util.concurrent.atomic=ALL-UNNAMED --add-opens=java.xml/javax.xml.namespace=ALL-UNNAMED --add-opens=java.base/java.time=ALL-UNNAMED --enable-native-access=ALL-UNNAMED -XX:MaxMetaspaceSize=384m -XX:+HeapDumpOnOutOfMemoryError -Xms256m -Xmx512m -Dfile.encoding=UTF-8 -Duser.country=US -Duser.language=en -Duser.variant -javaagent:C:\Users\Admin\.gradle\wrapper\dists\gradle-9.4.1-bin\arn2x92ynaizyzdaamcbpbhtj\gradle-9.4.1\lib\agents\gradle-instrumentation-agent-9.4.1.jar org.gradle.launcher.daemon.bootstrap.GradleDaemon 9.4.1

Host: AMD Ryzen 5 5500U with Radeon Graphics         , 12 cores, 7G,  Windows 11 , 64 bit Build 26100 (10.0.26100.8246)
Time: Tue Apr 21 02:01:40 2026 SE Asia Standard Time elapsed time: 12.780456 seconds (0d 0h 0m 12s)

---------------  T H R E A D  ---------------

Current thread (0x00000279a028be70):  JavaThread "C2 CompilerThread1" daemon [_thread_in_native, id=16616, stack(0x000000b332c00000,0x000000b332d00000) (1024K)]


Current CompileTask:
C2:12780 4497  s!   4       jdk.internal.loader.URLClassPath::getLoader (202 bytes)

Stack: [0x000000b332c00000,0x000000b332d00000]
Native frames: (J=compiled Java code, j=interpreted, Vv=VM code, C=native code)
V  [jvm.dll+0x730829]  (no source info available)
V  [jvm.dll+0x8d9da3]  (no source info available)
V  [jvm.dll+0x8dc28d]  (no source info available)
V  [jvm.dll+0x8dc903]  (no source info available)
V  [jvm.dll+0x2a9f56]  (no source info available)
V  [jvm.dll+0xced7f]  (no source info available)
V  [jvm.dll+0xcefdf]  (no source info available)
V  [jvm.dll+0x154c83]  (no source info available)
V  [jvm.dll+0x73604f]  (no source info available)
V  [jvm.dll+0x26f8dc]  (no source info available)
V  [jvm.dll+0x26e8ff]  (no source info available)
V  [jvm.dll+0x1e9c90]  (no source info available)
V  [jvm.dll+0x27e0cb]  (no source info available)
V  [jvm.dll+0x27c36a]  (no source info available)
V  [jvm.dll+0x42f396]  (no source info available)
V  [jvm.dll+0x87d9eb]  (no source info available)
V  [jvm.dll+0x72ef45]  (no source info available)
C  [ucrtbase.dll+0x37b0]  (no source info available)
C  [KERNEL32.DLL+0x2e8d7]  (no source info available)
C  [ntdll.dll+0x8c3fc]  (no source info available)

Lock stack of current Java thread (top to bottom):


---------------  P R O C E S S  ---------------

Threads class SMR info:
_java_thread_list=0x00000279bdcfc630, length=36, elements={
0x0000027984d0ca00, 0x00000279a024f030, 0x00000279a024f770, 0x00000279a02549a0,
0x00000279a02554d0, 0x00000279a0257f80, 0x00000279a0259620, 0x00000279a026b010,
0x00000279a028d520, 0x00000279a0494f80, 0x00000279a05c97a0, 0x00000279bafb4920,
0x00000279bb4874e0, 0x00000279bb5a01d0, 0x00000279bb5a0920, 0x00000279bb5a1070,
0x00000279bb5a17c0, 0x00000279bb5a2db0, 0x00000279bb5a1f10, 0x00000279bb5a3500,
0x00000279bb5a2660, 0x00000279bba483b0, 0x00000279bba47c60, 0x00000279bba4a0f0,
0x00000279a028be70, 0x00000279bba4b6e0, 0x00000279bba4af90, 0x00000279bba4a840,
0x00000279bba499a0, 0x00000279bba48b00, 0x00000279bba4be30, 0x00000279bba4c580,
0x00000279bba49250, 0x00000279bba4db70, 0x00000279bba4ccd0, 0x00000279bba4d420
}

Java Threads: ( => current thread )
  0x0000027984d0ca00 JavaThread "main"                              [_thread_blocked, id=17940, stack(0x000000b330800000,0x000000b330900000) (1024K)]
  0x00000279a024f030 JavaThread "Reference Handler"          daemon [_thread_blocked, id=12984, stack(0x000000b331000000,0x000000b331100000) (1024K)]
  0x00000279a024f770 JavaThread "Finalizer"                  daemon [_thread_blocked, id=12572, stack(0x000000b331100000,0x000000b331200000) (1024K)]
  0x00000279a02549a0 JavaThread "Signal Dispatcher"          daemon [_thread_blocked, id=13292, stack(0x000000b331200000,0x000000b331300000) (1024K)]
  0x00000279a02554d0 JavaThread "Attach Listener"            daemon [_thread_blocked, id=17832, stack(0x000000b331300000,0x000000b331400000) (1024K)]
  0x00000279a0257f80 JavaThread "Service Thread"             daemon [_thread_blocked, id=16428, stack(0x000000b331400000,0x000000b331500000) (1024K)]
  0x00000279a0259620 JavaThread "Monitor Deflation Thread"   daemon [_thread_blocked, id=17720, stack(0x000000b331500000,0x000000b331600000) (1024K)]
  0x00000279a026b010 JavaThread "C2 CompilerThread0"         daemon [_thread_blocked, id=17840, stack(0x000000b331600000,0x000000b331700000) (1024K)]
  0x00000279a028d520 JavaThread "C1 CompilerThread0"         daemon [_thread_blocked, id=16000, stack(0x000000b331700000,0x000000b331800000) (1024K)]
  0x00000279a0494f80 JavaThread "Common-Cleaner"             daemon [_thread_blocked, id=10284, stack(0x000000b331900000,0x000000b331a00000) (1024K)]
  0x00000279a05c97a0 JavaThread "Notification Thread"        daemon [_thread_blocked, id=8372, stack(0x000000b331a00000,0x000000b331b00000) (1024K)]
  0x00000279bafb4920 JavaThread "Daemon health stats"               [_thread_blocked, id=15488, stack(0x000000b332000000,0x000000b332100000) (1024K)]
  0x00000279bb4874e0 JavaThread "Incoming local TCP Connector on port 62608"        [_thread_in_native, id=18376, stack(0x000000b332100000,0x000000b332200000) (1024K)]
  0x00000279bb5a01d0 JavaThread "Daemon periodic checks"            [_thread_blocked, id=1924, stack(0x000000b332200000,0x000000b332300000) (1024K)]
  0x00000279bb5a0920 JavaThread "Daemon"                            [_thread_blocked, id=16988, stack(0x000000b332300000,0x000000b332400000) (1024K)]
  0x00000279bb5a1070 JavaThread "Handler for socket connection from /127.0.0.1:62608 to /127.0.0.1:62609"        [_thread_in_native, id=17508, stack(0x000000b332400000,0x000000b332500000) (1024K)]
  0x00000279bb5a17c0 JavaThread "Cancel handler"                    [_thread_blocked, id=16880, stack(0x000000b332500000,0x000000b332600000) (1024K)]
  0x00000279bb5a2db0 JavaThread "Daemon worker"                     [_thread_in_native, id=14892, stack(0x000000b332600000,0x000000b332700000) (1024K)]
  0x00000279bb5a1f10 JavaThread "Asynchronous log dispatcher for DefaultDaemonConnection: socket connection from /127.0.0.1:62608 to /127.0.0.1:62609"        [_thread_blocked, id=9448, stack(0x000000b331800000,0x000000b331900000) (1024K)]
  0x00000279bb5a3500 JavaThread "Stdin handler"                     [_thread_blocked, id=18948, stack(0x000000b332700000,0x000000b332800000) (1024K)]
  0x00000279bb5a2660 JavaThread "Daemon client event forwarder"        [_thread_blocked, id=19672, stack(0x000000b332800000,0x000000b332900000) (1024K)]
  0x00000279bba483b0 JavaThread "Cache worker for journal cache (C:\Users\Admin\.gradle\caches\journal-1)"        [_thread_blocked, id=12476, stack(0x000000b332900000,0x000000b332a00000) (1024K)]
  0x00000279bba47c60 JavaThread "File lock request listener"        [_thread_in_native, id=5212, stack(0x000000b332a00000,0x000000b332b00000) (1024K)]
  0x00000279bba4a0f0 JavaThread "Cache worker for file hash cache (C:\Users\Admin\.gradle\caches\9.4.1\fileHashes)"        [_thread_blocked, id=9172, stack(0x000000b332b00000,0x000000b332c00000) (1024K)]
=>0x00000279a028be70 JavaThread "C2 CompilerThread1"         daemon [_thread_in_native, id=16616, stack(0x000000b332c00000,0x000000b332d00000) (1024K)]
  0x00000279bba4b6e0 JavaThread "Cache worker for file hash cache (C:\Users\Admin\dbms_project\.gradle\9.4.1\fileHashes)"        [_thread_blocked, id=980, stack(0x000000b333300000,0x000000b333400000) (1024K)]
  0x00000279bba4af90 JavaThread "Cache worker for Build Output Cleanup Cache (C:\Users\Admin\dbms_project\.gradle\buildOutputCleanup)"        [_thread_blocked, id=1096, stack(0x000000b333400000,0x000000b333500000) (1024K)]
  0x00000279bba4a840 JavaThread "File watcher server"        daemon [_thread_in_native, id=13424, stack(0x000000b333500000,0x000000b333600000) (1024K)]
  0x00000279bba499a0 JavaThread "File watcher consumer"      daemon [_thread_blocked, id=13244, stack(0x000000b333600000,0x000000b333700000) (1024K)]
  0x00000279bba48b00 JavaThread "Cache worker for file content cache (C:\Users\Admin\.gradle\caches\9.4.1\fileContent)"        [_thread_blocked, id=5168, stack(0x000000b333700000,0x000000b333800000) (1024K)]
  0x00000279bba4be30 JavaThread "Cache worker for checksums cache (C:\Users\Admin\dbms_project\.gradle\9.4.1\checksums)"        [_thread_blocked, id=5948, stack(0x000000b333800000,0x000000b333900000) (1024K)]
  0x00000279bba4c580 JavaThread "Cache worker for cache directory md-supplier (C:\Users\Admin\.gradle\caches\9.4.1\md-supplier)"        [_thread_blocked, id=2592, stack(0x000000b333900000,0x000000b333a00000) (1024K)]
  0x00000279bba49250 JavaThread "Cache worker for cache directory md-rule (C:\Users\Admin\.gradle\caches\9.4.1\md-rule)"        [_thread_blocked, id=900, stack(0x000000b333a00000,0x000000b333b00000) (1024K)]
  0x00000279bba4db70 JavaThread "jar transforms"                    [_thread_blocked, id=17072, stack(0x000000b333b00000,0x000000b333c00000) (1024K)]
  0x00000279bba4ccd0 JavaThread "jar transforms Thread 2"           [_thread_blocked, id=12280, stack(0x000000b333c00000,0x000000b333d00000) (1024K)]
  0x00000279bba4d420 JavaThread "jar transforms Thread 3"           [_thread_blocked, id=16656, stack(0x000000b333d00000,0x000000b333e00000) (1024K)]
Total: 36

Other Threads:
  0x00000279a023fc00 VMThread "VM Thread"                           [id=19832, stack(0x000000b330f00000,0x000000b331000000) (1024K)]
  0x00000279a0189240 WatcherThread "VM Periodic Task Thread"        [id=9332, stack(0x000000b330e00000,0x000000b330f00000) (1024K)]
  0x0000027984d39860 WorkerThread "GC Thread#0"                     [id=19920, stack(0x000000b330900000,0x000000b330a00000) (1024K)]
  0x00000279ba76a830 WorkerThread "GC Thread#1"                     [id=16540, stack(0x000000b331b00000,0x000000b331c00000) (1024K)]
  0x00000279ba79c450 WorkerThread "GC Thread#2"                     [id=14612, stack(0x000000b331c00000,0x000000b331d00000) (1024K)]
  0x00000279ba79c800 WorkerThread "GC Thread#3"                     [id=8056, stack(0x000000b331d00000,0x000000b331e00000) (1024K)]
  0x00000279ba79cbb0 WorkerThread "GC Thread#4"                     [id=8232, stack(0x000000b331e00000,0x000000b331f00000) (1024K)]
  0x00000279ba577ec0 WorkerThread "GC Thread#5"                     [id=9564, stack(0x000000b331f00000,0x000000b332000000) (1024K)]
  0x00000279bab6df60 WorkerThread "GC Thread#6"                     [id=620, stack(0x000000b332d00000,0x000000b332e00000) (1024K)]
  0x00000279bab6d800 WorkerThread "GC Thread#7"                     [id=17452, stack(0x000000b332e00000,0x000000b332f00000) (1024K)]
  0x00000279bab6e6c0 WorkerThread "GC Thread#8"                     [id=5796, stack(0x000000b332f00000,0x000000b333000000) (1024K)]
  0x00000279bab6e310 WorkerThread "GC Thread#9"                     [id=18580, stack(0x000000b333000000,0x000000b333100000) (1024K)]
  0x0000027984d407d0 ConcurrentGCThread "G1 Main Marker"            [id=11360, stack(0x000000b330a00000,0x000000b330b00000) (1024K)]
  0x0000027984d420e0 WorkerThread "G1 Conc#0"                       [id=13272, stack(0x000000b330b00000,0x000000b330c00000) (1024K)]
  0x00000279bb945310 WorkerThread "G1 Conc#1"                       [id=6836, stack(0x000000b333100000,0x000000b333200000) (1024K)]
  0x00000279bb9431e0 WorkerThread "G1 Conc#2"                       [id=10140, stack(0x000000b333200000,0x000000b333300000) (1024K)]
  0x00000279a017d6b0 ConcurrentGCThread "G1 Refine#0"               [id=17396, stack(0x000000b330c00000,0x000000b330d00000) (1024K)]
  0x00000279a017ff00 ConcurrentGCThread "G1 Service"                [id=3160, stack(0x000000b330d00000,0x000000b330e00000) (1024K)]
Total: 18

Threads with active compile tasks:
C2 CompilerThread1  12925 4497  s!   4       jdk.internal.loader.URLClassPath::getLoader (202 bytes)
Total: 1

VM state: not at safepoint (normal execution)

VM Mutex/Monitor currently owned by a thread: None

Heap address: 0x00000000e0000000, size: 512 MB, Compressed Oops mode: 32-bit

CDS archive(s) mapped at: [0x00000279a1000000-0x00000279a1d40000-0x00000279a1d40000), size 13893632, SharedBaseAddress: 0x00000279a1000000, ArchiveRelocationMode: 1.
Compressed class space mapped at: 0x00000279a2000000-0x00000279b6000000, reserved size: 335544320
UseCompressedClassPointers 1, UseCompactObjectHeaders 0
Narrow klass pointer bits 32, Max shift 3
Narrow klass base: 0x00000279a1000000, Narrow klass shift: 0
Encoding Range: [0x00000279a1000000 - 0x0000027aa1000000), (4294967296 bytes)
Klass Range:    [0x00000279a1000000 - 0x00000279b6000000), (352321536 bytes)
Klass ID Range:  [8 - 352321529) (352321521)

GC Precious Log:
 CardTable entry size: 512
 Card Set container configuration: InlinePtr #cards 5 size 8 Array Of Cards #cards 10 size 36 Howl #buckets 4 coarsen threshold 1843 Howl Bitmap #cards 512 size 80 coarsen threshold 460 Card regions per heap region 1 cards per card region 2048
 CPUs: 12 total, 12 available
 Memory: 7514M
 Large Page Support: Disabled
 NUMA Support: Disabled
 Compressed Oops: Enabled (32-bit)
 Heap Region Size: 1M
 Heap Min Capacity: 256M
 Heap Initial Capacity: 256M
 Heap Max Capacity: 512M
 Pre-touch: Disabled
 Parallel Workers: 10
 Concurrent Workers: 3
 Concurrent Refinement Workers: 10
 Periodic GC: Disabled

Heap:
 garbage-first heap   total reserved 524288K, committed 262144K, used 49065K [0x00000000e0000000, 0x0000000100000000)
  region size 1024K, 26 young (26624K), 8 survivors (8192K)
 Metaspace       used 37474K, committed 38976K, reserved 393216K
  class space    used 4246K, committed 4928K, reserved 327680K

Heap Regions: E=young(eden), S=young(survivor), O=old, HS=humongous(starts), HC=humongous(continues), CS=collection set, F=free, TAMS=top-at-mark-start, PB=parsable bottom
|   0|0x00000000e0000000, 0x00000000e0100000, 0x00000000e0100000|100%|HS|  |TAMS 0x00000000e0000000| PB 0x00000000e0000000| Complete |  0
|   1|0x00000000e0100000, 0x00000000e0200000, 0x00000000e0200000|100%|HC|  |TAMS 0x00000000e0100000| PB 0x00000000e0100000| Complete |  0
|   2|0x00000000e0200000, 0x00000000e0300000, 0x00000000e0300000|100%|HC|  |TAMS 0x00000000e0200000| PB 0x00000000e0200000| Complete |  0
|   3|0x00000000e0300000, 0x00000000e0400000, 0x00000000e0400000|100%|HC|  |TAMS 0x00000000e0300000| PB 0x00000000e0300000| Complete |  0
|   4|0x00000000e0400000, 0x00000000e0500000, 0x00000000e0500000|100%|HS|  |TAMS 0x00000000e0400000| PB 0x00000000e0400000| Complete |  0
|   5|0x00000000e0500000, 0x00000000e0600000, 0x00000000e0600000|100%| O|  |TAMS 0x00000000e0500000| PB 0x00000000e0500000| Untracked |  0
|   6|0x00000000e0600000, 0x00000000e0700000, 0x00000000e0700000|100%| O|  |TAMS 0x00000000e0600000| PB 0x00000000e0600000| Untracked |  0
|   7|0x00000000e0700000, 0x00000000e0800000, 0x00000000e0800000|100%| O|  |TAMS 0x00000000e0700000| PB 0x00000000e0700000| Untracked |  0
|   8|0x00000000e0800000, 0x00000000e0900000, 0x00000000e0900000|100%| O|  |TAMS 0x00000000e0800000| PB 0x00000000e0800000| Untracked |  0
|   9|0x00000000e0900000, 0x00000000e0a00000, 0x00000000e0a00000|100%| O|  |TAMS 0x00000000e0900000| PB 0x00000000e0900000| Untracked |  0
|  10|0x00000000e0a00000, 0x00000000e0b00000, 0x00000000e0b00000|100%| O|  |TAMS 0x00000000e0a00000| PB 0x00000000e0a00000| Untracked |  0
|  11|0x00000000e0b00000, 0x00000000e0c00000, 0x00000000e0c00000|100%| O|  |TAMS 0x00000000e0b00000| PB 0x00000000e0b00000| Untracked |  0
|  12|0x00000000e0c00000, 0x00000000e0d00000, 0x00000000e0d00000|100%| O|  |TAMS 0x00000000e0c00000| PB 0x00000000e0c00000| Untracked |  0
|  13|0x00000000e0d00000, 0x00000000e0e00000, 0x00000000e0e00000|100%| O|  |TAMS 0x00000000e0d00000| PB 0x00000000e0d00000| Untracked |  0
|  14|0x00000000e0e00000, 0x00000000e0f00000, 0x00000000e0f00000|100%| O|  |TAMS 0x00000000e0e00000| PB 0x00000000e0e00000| Untracked |  0
|  15|0x00000000e0f00000, 0x00000000e0fdd9f8, 0x00000000e1000000| 86%| O|Cm|TAMS 0x00000000e0f00000| PB 0x00000000e0f00000| Complete |  0
|  16|0x00000000e1000000, 0x00000000e1100000, 0x00000000e1100000|100%| O|  |TAMS 0x00000000e1000000| PB 0x00000000e1000000| Untracked |  0
|  17|0x00000000e1100000, 0x00000000e1200000, 0x00000000e1200000|100%| O|  |TAMS 0x00000000e1100000| PB 0x00000000e1100000| Untracked |  0
|  18|0x00000000e1200000, 0x00000000e1300000, 0x00000000e1300000|100%| O|  |TAMS 0x00000000e1200000| PB 0x00000000e1200000| Untracked |  0
|  19|0x00000000e1300000, 0x00000000e1400000, 0x00000000e1400000|100%| O|  |TAMS 0x00000000e1300000| PB 0x00000000e1300000| Untracked |  0
|  20|0x00000000e1400000, 0x00000000e1500000, 0x00000000e1500000|100%| O|  |TAMS 0x00000000e1400000| PB 0x00000000e1400000| Untracked |  0
|  21|0x00000000e1500000, 0x00000000e1600000, 0x00000000e1600000|100%| O|  |TAMS 0x00000000e1500000| PB 0x00000000e1500000| Untracked |  0
|  22|0x00000000e1600000, 0x00000000e16407a0, 0x00000000e1700000| 25%| O|  |TAMS 0x00000000e1600000| PB 0x00000000e1600000| Untracked |  0
|  23|0x00000000e1700000, 0x00000000e1700000, 0x00000000e1800000|  0%| F|  |TAMS 0x00000000e1700000| PB 0x00000000e1700000| Untracked |  0
|  24|0x00000000e1800000, 0x00000000e1800000, 0x00000000e1900000|  0%| F|  |TAMS 0x00000000e1800000| PB 0x00000000e1800000| Untracked |  0
|  25|0x00000000e1900000, 0x00000000e1900000, 0x00000000e1a00000|  0%| F|  |TAMS 0x00000000e1900000| PB 0x00000000e1900000| Untracked |  0
|  26|0x00000000e1a00000, 0x00000000e1a00000, 0x00000000e1b00000|  0%| F|  |TAMS 0x00000000e1a00000| PB 0x00000000e1a00000| Untracked |  0
|  27|0x00000000e1b00000, 0x00000000e1b00000, 0x00000000e1c00000|  0%| F|  |TAMS 0x00000000e1b00000| PB 0x00000000e1b00000| Untracked |  0
|  28|0x00000000e1c00000, 0x00000000e1c00000, 0x00000000e1d00000|  0%| F|  |TAMS 0x00000000e1c00000| PB 0x00000000e1c00000| Untracked |  0
|  29|0x00000000e1d00000, 0x00000000e1d00000, 0x00000000e1e00000|  0%| F|  |TAMS 0x00000000e1d00000| PB 0x00000000e1d00000| Untracked |  0
|  30|0x00000000e1e00000, 0x00000000e1e00000, 0x00000000e1f00000|  0%| F|  |TAMS 0x00000000e1e00000| PB 0x00000000e1e00000| Untracked |  0
|  31|0x00000000e1f00000, 0x00000000e1f00000, 0x00000000e2000000|  0%| F|  |TAMS 0x00000000e1f00000| PB 0x00000000e1f00000| Untracked |  0
|  32|0x00000000e2000000, 0x00000000e2000000, 0x00000000e2100000|  0%| F|  |TAMS 0x00000000e2000000| PB 0x00000000e2000000| Untracked |  0
|  33|0x00000000e2100000, 0x00000000e2100000, 0x00000000e2200000|  0%| F|  |TAMS 0x00000000e2100000| PB 0x00000000e2100000| Untracked |  0
|  34|0x00000000e2200000, 0x00000000e2200000, 0x00000000e2300000|  0%| F|  |TAMS 0x00000000e2200000| PB 0x00000000e2200000| Untracked |  0
|  35|0x00000000e2300000, 0x00000000e2300000, 0x00000000e2400000|  0%| F|  |TAMS 0x00000000e2300000| PB 0x00000000e2300000| Untracked |  0
|  36|0x00000000e2400000, 0x00000000e2400000, 0x00000000e2500000|  0%| F|  |TAMS 0x00000000e2400000| PB 0x00000000e2400000| Untracked |  0
|  37|0x00000000e2500000, 0x00000000e2500000, 0x00000000e2600000|  0%| F|  |TAMS 0x00000000e2500000| PB 0x00000000e2500000| Untracked |  0
|  38|0x00000000e2600000, 0x00000000e2600000, 0x00000000e2700000|  0%| F|  |TAMS 0x00000000e2600000| PB 0x00000000e2600000| Untracked |  0
|  39|0x00000000e2700000, 0x00000000e2700000, 0x00000000e2800000|  0%| F|  |TAMS 0x00000000e2700000| PB 0x00000000e2700000| Untracked |  0
|  40|0x00000000e2800000, 0x00000000e2800000, 0x00000000e2900000|  0%| F|  |TAMS 0x00000000e2800000| PB 0x00000000e2800000| Untracked |  0
|  41|0x00000000e2900000, 0x00000000e2900000, 0x00000000e2a00000|  0%| F|  |TAMS 0x00000000e2900000| PB 0x00000000e2900000| Untracked |  0
|  42|0x00000000e2a00000, 0x00000000e2a00000, 0x00000000e2b00000|  0%| F|  |TAMS 0x00000000e2a00000| PB 0x00000000e2a00000| Untracked |  0
|  43|0x00000000e2b00000, 0x00000000e2b00000, 0x00000000e2c00000|  0%| F|  |TAMS 0x00000000e2b00000| PB 0x00000000e2b00000| Untracked |  0
|  44|0x00000000e2c00000, 0x00000000e2c00000, 0x00000000e2d00000|  0%| F|  |TAMS 0x00000000e2c00000| PB 0x00000000e2c00000| Untracked |  0
|  45|0x00000000e2d00000, 0x00000000e2d00000, 0x00000000e2e00000|  0%| F|  |TAMS 0x00000000e2d00000| PB 0x00000000e2d00000| Untracked |  0
|  46|0x00000000e2e00000, 0x00000000e2e00000, 0x00000000e2f00000|  0%| F|  |TAMS 0x00000000e2e00000| PB 0x00000000e2e00000| Untracked |  0
|  47|0x00000000e2f00000, 0x00000000e2f00000, 0x00000000e3000000|  0%| F|  |TAMS 0x00000000e2f00000| PB 0x00000000e2f00000| Untracked |  0
|  48|0x00000000e3000000, 0x00000000e3000000, 0x00000000e3100000|  0%| F|  |TAMS 0x00000000e3000000| PB 0x00000000e3000000| Untracked |  0
|  49|0x00000000e3100000, 0x00000000e3100000, 0x00000000e3200000|  0%| F|  |TAMS 0x00000000e3100000| PB 0x00000000e3100000| Untracked |  0
|  50|0x00000000e3200000, 0x00000000e3200000, 0x00000000e3300000|  0%| F|  |TAMS 0x00000000e3200000| PB 0x00000000e3200000| Untracked |  0
|  51|0x00000000e3300000, 0x00000000e3300000, 0x00000000e3400000|  0%| F|  |TAMS 0x00000000e3300000| PB 0x00000000e3300000| Untracked |  0
|  52|0x00000000e3400000, 0x00000000e3400000, 0x00000000e3500000|  0%| F|  |TAMS 0x00000000e3400000| PB 0x00000000e3400000| Untracked |  0
|  53|0x00000000e3500000, 0x00000000e3500000, 0x00000000e3600000|  0%| F|  |TAMS 0x00000000e3500000| PB 0x00000000e3500000| Untracked |  0
|  54|0x00000000e3600000, 0x00000000e3600000, 0x00000000e3700000|  0%| F|  |TAMS 0x00000000e3600000| PB 0x00000000e3600000| Untracked |  0
|  55|0x00000000e3700000, 0x00000000e3700000, 0x00000000e3800000|  0%| F|  |TAMS 0x00000000e3700000| PB 0x00000000e3700000| Untracked |  0
|  56|0x00000000e3800000, 0x00000000e3800000, 0x00000000e3900000|  0%| F|  |TAMS 0x00000000e3800000| PB 0x00000000e3800000| Untracked |  0
|  57|0x00000000e3900000, 0x00000000e3900000, 0x00000000e3a00000|  0%| F|  |TAMS 0x00000000e3900000| PB 0x00000000e3900000| Untracked |  0
|  58|0x00000000e3a00000, 0x00000000e3a00000, 0x00000000e3b00000|  0%| F|  |TAMS 0x00000000e3a00000| PB 0x00000000e3a00000| Untracked |  0
|  59|0x00000000e3b00000, 0x00000000e3b00000, 0x00000000e3c00000|  0%| F|  |TAMS 0x00000000e3b00000| PB 0x00000000e3b00000| Untracked |  0
|  60|0x00000000e3c00000, 0x00000000e3c00000, 0x00000000e3d00000|  0%| F|  |TAMS 0x00000000e3c00000| PB 0x00000000e3c00000| Untracked |  0
|  61|0x00000000e3d00000, 0x00000000e3d00000, 0x00000000e3e00000|  0%| F|  |TAMS 0x00000000e3d00000| PB 0x00000000e3d00000| Untracked |  0
|  62|0x00000000e3e00000, 0x00000000e3e00000, 0x00000000e3f00000|  0%| F|  |TAMS 0x00000000e3e00000| PB 0x00000000e3e00000| Untracked |  0
|  63|0x00000000e3f00000, 0x00000000e3f00000, 0x00000000e4000000|  0%| F|  |TAMS 0x00000000e3f00000| PB 0x00000000e3f00000| Untracked |  0
|  64|0x00000000e4000000, 0x00000000e4000000, 0x00000000e4100000|  0%| F|  |TAMS 0x00000000e4000000| PB 0x00000000e4000000| Untracked |  0
|  65|0x00000000e4100000, 0x00000000e4100000, 0x00000000e4200000|  0%| F|  |TAMS 0x00000000e4100000| PB 0x00000000e4100000| Untracked |  0
|  66|0x00000000e4200000, 0x00000000e4200000, 0x00000000e4300000|  0%| F|  |TAMS 0x00000000e4200000| PB 0x00000000e4200000| Untracked |  0
|  67|0x00000000e4300000, 0x00000000e4300000, 0x00000000e4400000|  0%| F|  |TAMS 0x00000000e4300000| PB 0x00000000e4300000| Untracked |  0
|  68|0x00000000e4400000, 0x00000000e4400000, 0x00000000e4500000|  0%| F|  |TAMS 0x00000000e4400000| PB 0x00000000e4400000| Untracked |  0
|  69|0x00000000e4500000, 0x00000000e4500000, 0x00000000e4600000|  0%| F|  |TAMS 0x00000000e4500000| PB 0x00000000e4500000| Untracked |  0
|  70|0x00000000e4600000, 0x00000000e4600000, 0x00000000e4700000|  0%| F|  |TAMS 0x00000000e4600000| PB 0x00000000e4600000| Untracked |  0
|  71|0x00000000e4700000, 0x00000000e4700000, 0x00000000e4800000|  0%| F|  |TAMS 0x00000000e4700000| PB 0x00000000e4700000| Untracked |  0
|  72|0x00000000e4800000, 0x00000000e4800000, 0x00000000e4900000|  0%| F|  |TAMS 0x00000000e4800000| PB 0x00000000e4800000| Untracked |  0
|  73|0x00000000e4900000, 0x00000000e4900000, 0x00000000e4a00000|  0%| F|  |TAMS 0x00000000e4900000| PB 0x00000000e4900000| Untracked |  0
|  74|0x00000000e4a00000, 0x00000000e4a00000, 0x00000000e4b00000|  0%| F|  |TAMS 0x00000000e4a00000| PB 0x00000000e4a00000| Untracked |  0
|  75|0x00000000e4b00000, 0x00000000e4b00000, 0x00000000e4c00000|  0%| F|  |TAMS 0x00000000e4b00000| PB 0x00000000e4b00000| Untracked |  0
|  76|0x00000000e4c00000, 0x00000000e4c00000, 0x00000000e4d00000|  0%| F|  |TAMS 0x00000000e4c00000| PB 0x00000000e4c00000| Untracked |  0
|  77|0x00000000e4d00000, 0x00000000e4d00000, 0x00000000e4e00000|  0%| F|  |TAMS 0x00000000e4d00000| PB 0x00000000e4d00000| Untracked |  0
|  78|0x00000000e4e00000, 0x00000000e4e00000, 0x00000000e4f00000|  0%| F|  |TAMS 0x00000000e4e00000| PB 0x00000000e4e00000| Untracked |  0
|  79|0x00000000e4f00000, 0x00000000e4f00000, 0x00000000e5000000|  0%| F|  |TAMS 0x00000000e4f00000| PB 0x00000000e4f00000| Untracked |  0
|  80|0x00000000e5000000, 0x00000000e5000000, 0x00000000e5100000|  0%| F|  |TAMS 0x00000000e5000000| PB 0x00000000e5000000| Untracked |  0
|  81|0x00000000e5100000, 0x00000000e5100000, 0x00000000e5200000|  0%| F|  |TAMS 0x00000000e5100000| PB 0x00000000e5100000| Untracked |  0
|  82|0x00000000e5200000, 0x00000000e5200000, 0x00000000e5300000|  0%| F|  |TAMS 0x00000000e5200000| PB 0x00000000e5200000| Untracked |  0
|  83|0x00000000e5300000, 0x00000000e5300000, 0x00000000e5400000|  0%| F|  |TAMS 0x00000000e5300000| PB 0x00000000e5300000| Untracked |  0
|  84|0x00000000e5400000, 0x00000000e5400000, 0x00000000e5500000|  0%| F|  |TAMS 0x00000000e5400000| PB 0x00000000e5400000| Untracked |  0
|  85|0x00000000e5500000, 0x00000000e5500000, 0x00000000e5600000|  0%| F|  |TAMS 0x00000000e5500000| PB 0x00000000e5500000| Untracked |  0
|  86|0x00000000e5600000, 0x00000000e5600000, 0x00000000e5700000|  0%| F|  |TAMS 0x00000000e5600000| PB 0x00000000e5600000| Untracked |  0
|  87|0x00000000e5700000, 0x00000000e5700000, 0x00000000e5800000|  0%| F|  |TAMS 0x00000000e5700000| PB 0x00000000e5700000| Untracked |  0
|  88|0x00000000e5800000, 0x00000000e5800000, 0x00000000e5900000|  0%| F|  |TAMS 0x00000000e5800000| PB 0x00000000e5800000| Untracked |  0
|  89|0x00000000e5900000, 0x00000000e5900000, 0x00000000e5a00000|  0%| F|  |TAMS 0x00000000e5900000| PB 0x00000000e5900000| Untracked |  0
|  90|0x00000000e5a00000, 0x00000000e5a00000, 0x00000000e5b00000|  0%| F|  |TAMS 0x00000000e5a00000| PB 0x00000000e5a00000| Untracked |  0
|  91|0x00000000e5b00000, 0x00000000e5b00000, 0x00000000e5c00000|  0%| F|  |TAMS 0x00000000e5b00000| PB 0x00000000e5b00000| Untracked |  0
|  92|0x00000000e5c00000, 0x00000000e5c00000, 0x00000000e5d00000|  0%| F|  |TAMS 0x00000000e5c00000| PB 0x00000000e5c00000| Untracked |  0
|  93|0x00000000e5d00000, 0x00000000e5d00000, 0x00000000e5e00000|  0%| F|  |TAMS 0x00000000e5d00000| PB 0x00000000e5d00000| Untracked |  0
|  94|0x00000000e5e00000, 0x00000000e5e00000, 0x00000000e5f00000|  0%| F|  |TAMS 0x00000000e5e00000| PB 0x00000000e5e00000| Untracked |  0
|  95|0x00000000e5f00000, 0x00000000e5f00000, 0x00000000e6000000|  0%| F|  |TAMS 0x00000000e5f00000| PB 0x00000000e5f00000| Untracked |  0
|  96|0x00000000e6000000, 0x00000000e6000000, 0x00000000e6100000|  0%| F|  |TAMS 0x00000000e6000000| PB 0x00000000e6000000| Untracked |  0
|  97|0x00000000e6100000, 0x00000000e6100000, 0x00000000e6200000|  0%| F|  |TAMS 0x00000000e6100000| PB 0x00000000e6100000| Untracked |  0
|  98|0x00000000e6200000, 0x00000000e6200000, 0x00000000e6300000|  0%| F|  |TAMS 0x00000000e6200000| PB 0x00000000e6200000| Untracked |  0
|  99|0x00000000e6300000, 0x00000000e6300000, 0x00000000e6400000|  0%| F|  |TAMS 0x00000000e6300000| PB 0x00000000e6300000| Untracked |  0
| 100|0x00000000e6400000, 0x00000000e6400000, 0x00000000e6500000|  0%| F|  |TAMS 0x00000000e6400000| PB 0x00000000e6400000| Untracked |  0
| 101|0x00000000e6500000, 0x00000000e6500000, 0x00000000e6600000|  0%| F|  |TAMS 0x00000000e6500000| PB 0x00000000e6500000| Untracked |  0
| 102|0x00000000e6600000, 0x00000000e6600000, 0x00000000e6700000|  0%| F|  |TAMS 0x00000000e6600000| PB 0x00000000e6600000| Untracked |  0
| 103|0x00000000e6700000, 0x00000000e6700000, 0x00000000e6800000|  0%| F|  |TAMS 0x00000000e6700000| PB 0x00000000e6700000| Untracked |  0
| 104|0x00000000e6800000, 0x00000000e6800000, 0x00000000e6900000|  0%| F|  |TAMS 0x00000000e6800000| PB 0x00000000e6800000| Untracked |  0
| 105|0x00000000e6900000, 0x00000000e6900000, 0x00000000e6a00000|  0%| F|  |TAMS 0x00000000e6900000| PB 0x00000000e6900000| Untracked |  0
| 106|0x00000000e6a00000, 0x00000000e6a00000, 0x00000000e6b00000|  0%| F|  |TAMS 0x00000000e6a00000| PB 0x00000000e6a00000| Untracked |  0
| 107|0x00000000e6b00000, 0x00000000e6b00000, 0x00000000e6c00000|  0%| F|  |TAMS 0x00000000e6b00000| PB 0x00000000e6b00000| Untracked |  0
| 108|0x00000000e6c00000, 0x00000000e6c00000, 0x00000000e6d00000|  0%| F|  |TAMS 0x00000000e6c00000| PB 0x00000000e6c00000| Untracked |  0
| 109|0x00000000e6d00000, 0x00000000e6d00000, 0x00000000e6e00000|  0%| F|  |TAMS 0x00000000e6d00000| PB 0x00000000e6d00000| Untracked |  0
| 110|0x00000000e6e00000, 0x00000000e6e00000, 0x00000000e6f00000|  0%| F|  |TAMS 0x00000000e6e00000| PB 0x00000000e6e00000| Untracked |  0
| 111|0x00000000e6f00000, 0x00000000e6f00000, 0x00000000e7000000|  0%| F|  |TAMS 0x00000000e6f00000| PB 0x00000000e6f00000| Untracked |  0
| 112|0x00000000e7000000, 0x00000000e7000000, 0x00000000e7100000|  0%| F|  |TAMS 0x00000000e7000000| PB 0x00000000e7000000| Untracked |  0
| 113|0x00000000e7100000, 0x00000000e7100000, 0x00000000e7200000|  0%| F|  |TAMS 0x00000000e7100000| PB 0x00000000e7100000| Untracked |  0
| 114|0x00000000e7200000, 0x00000000e7200000, 0x00000000e7300000|  0%| F|  |TAMS 0x00000000e7200000| PB 0x00000000e7200000| Untracked |  0
| 115|0x00000000e7300000, 0x00000000e7300000, 0x00000000e7400000|  0%| F|  |TAMS 0x00000000e7300000| PB 0x00000000e7300000| Untracked |  0
| 116|0x00000000e7400000, 0x00000000e7400000, 0x00000000e7500000|  0%| F|  |TAMS 0x00000000e7400000| PB 0x00000000e7400000| Untracked |  0
| 117|0x00000000e7500000, 0x00000000e7500000, 0x00000000e7600000|  0%| F|  |TAMS 0x00000000e7500000| PB 0x00000000e7500000| Untracked |  0
| 118|0x00000000e7600000, 0x00000000e7600000, 0x00000000e7700000|  0%| F|  |TAMS 0x00000000e7600000| PB 0x00000000e7600000| Untracked |  0
| 119|0x00000000e7700000, 0x00000000e7700000, 0x00000000e7800000|  0%| F|  |TAMS 0x00000000e7700000| PB 0x00000000e7700000| Untracked |  0
| 120|0x00000000e7800000, 0x00000000e7800000, 0x00000000e7900000|  0%| F|  |TAMS 0x00000000e7800000| PB 0x00000000e7800000| Untracked |  0
| 121|0x00000000e7900000, 0x00000000e7900000, 0x00000000e7a00000|  0%| F|  |TAMS 0x00000000e7900000| PB 0x00000000e7900000| Untracked |  0
| 122|0x00000000e7a00000, 0x00000000e7a00000, 0x00000000e7b00000|  0%| F|  |TAMS 0x00000000e7a00000| PB 0x00000000e7a00000| Untracked |  0
| 123|0x00000000e7b00000, 0x00000000e7b00000, 0x00000000e7c00000|  0%| F|  |TAMS 0x00000000e7b00000| PB 0x00000000e7b00000| Untracked |  0
| 124|0x00000000e7c00000, 0x00000000e7c00000, 0x00000000e7d00000|  0%| F|  |TAMS 0x00000000e7c00000| PB 0x00000000e7c00000| Untracked |  0
| 125|0x00000000e7d00000, 0x00000000e7d00000, 0x00000000e7e00000|  0%| F|  |TAMS 0x00000000e7d00000| PB 0x00000000e7d00000| Untracked |  0
| 126|0x00000000e7e00000, 0x00000000e7e00000, 0x00000000e7f00000|  0%| F|  |TAMS 0x00000000e7e00000| PB 0x00000000e7e00000| Untracked |  0
| 127|0x00000000e7f00000, 0x00000000e7f00000, 0x00000000e8000000|  0%| F|  |TAMS 0x00000000e7f00000| PB 0x00000000e7f00000| Untracked |  0
| 128|0x00000000e8000000, 0x00000000e8000000, 0x00000000e8100000|  0%| F|  |TAMS 0x00000000e8000000| PB 0x00000000e8000000| Untracked |  0
| 129|0x00000000e8100000, 0x00000000e8100000, 0x00000000e8200000|  0%| F|  |TAMS 0x00000000e8100000| PB 0x00000000e8100000| Untracked |  0
| 130|0x00000000e8200000, 0x00000000e8200000, 0x00000000e8300000|  0%| F|  |TAMS 0x00000000e8200000| PB 0x00000000e8200000| Untracked |  0
| 131|0x00000000e8300000, 0x00000000e8300000, 0x00000000e8400000|  0%| F|  |TAMS 0x00000000e8300000| PB 0x00000000e8300000| Untracked |  0
| 132|0x00000000e8400000, 0x00000000e8400000, 0x00000000e8500000|  0%| F|  |TAMS 0x00000000e8400000| PB 0x00000000e8400000| Untracked |  0
| 133|0x00000000e8500000, 0x00000000e8500000, 0x00000000e8600000|  0%| F|  |TAMS 0x00000000e8500000| PB 0x00000000e8500000| Untracked |  0
| 134|0x00000000e8600000, 0x00000000e8600000, 0x00000000e8700000|  0%| F|  |TAMS 0x00000000e8600000| PB 0x00000000e8600000| Untracked |  0
| 135|0x00000000e8700000, 0x00000000e8700000, 0x00000000e8800000|  0%| F|  |TAMS 0x00000000e8700000| PB 0x00000000e8700000| Untracked |  0
| 136|0x00000000e8800000, 0x00000000e8800000, 0x00000000e8900000|  0%| F|  |TAMS 0x00000000e8800000| PB 0x00000000e8800000| Untracked |  0
| 137|0x00000000e8900000, 0x00000000e8900000, 0x00000000e8a00000|  0%| F|  |TAMS 0x00000000e8900000| PB 0x00000000e8900000| Untracked |  0
| 138|0x00000000e8a00000, 0x00000000e8a00000, 0x00000000e8b00000|  0%| F|  |TAMS 0x00000000e8a00000| PB 0x00000000e8a00000| Untracked |  0
| 139|0x00000000e8b00000, 0x00000000e8b00000, 0x00000000e8c00000|  0%| F|  |TAMS 0x00000000e8b00000| PB 0x00000000e8b00000| Untracked |  0
| 140|0x00000000e8c00000, 0x00000000e8c00000, 0x00000000e8d00000|  0%| F|  |TAMS 0x00000000e8c00000| PB 0x00000000e8c00000| Untracked |  0
| 141|0x00000000e8d00000, 0x00000000e8d00000, 0x00000000e8e00000|  0%| F|  |TAMS 0x00000000e8d00000| PB 0x00000000e8d00000| Untracked |  0
| 142|0x00000000e8e00000, 0x00000000e8e00000, 0x00000000e8f00000|  0%| F|  |TAMS 0x00000000e8e00000| PB 0x00000000e8e00000| Untracked |  0
| 143|0x00000000e8f00000, 0x00000000e8f00000, 0x00000000e9000000|  0%| F|  |TAMS 0x00000000e8f00000| PB 0x00000000e8f00000| Untracked |  0
| 144|0x00000000e9000000, 0x00000000e9000000, 0x00000000e9100000|  0%| F|  |TAMS 0x00000000e9000000| PB 0x00000000e9000000| Untracked |  0
| 145|0x00000000e9100000, 0x00000000e9100000, 0x00000000e9200000|  0%| F|  |TAMS 0x00000000e9100000| PB 0x00000000e9100000| Untracked |  0
| 146|0x00000000e9200000, 0x00000000e9200000, 0x00000000e9300000|  0%| F|  |TAMS 0x00000000e9200000| PB 0x00000000e9200000| Untracked |  0
| 147|0x00000000e9300000, 0x00000000e9300000, 0x00000000e9400000|  0%| F|  |TAMS 0x00000000e9300000| PB 0x00000000e9300000| Untracked |  0
| 148|0x00000000e9400000, 0x00000000e9400000, 0x00000000e9500000|  0%| F|  |TAMS 0x00000000e9400000| PB 0x00000000e9400000| Untracked |  0
| 149|0x00000000e9500000, 0x00000000e9500000, 0x00000000e9600000|  0%| F|  |TAMS 0x00000000e9500000| PB 0x00000000e9500000| Untracked |  0
| 150|0x00000000e9600000, 0x00000000e9600000, 0x00000000e9700000|  0%| F|  |TAMS 0x00000000e9600000| PB 0x00000000e9600000| Untracked |  0
| 151|0x00000000e9700000, 0x00000000e9700000, 0x00000000e9800000|  0%| F|  |TAMS 0x00000000e9700000| PB 0x00000000e9700000| Untracked |  0
| 152|0x00000000e9800000, 0x00000000e9800000, 0x00000000e9900000|  0%| F|  |TAMS 0x00000000e9800000| PB 0x00000000e9800000| Untracked |  0
| 153|0x00000000e9900000, 0x00000000e9900000, 0x00000000e9a00000|  0%| F|  |TAMS 0x00000000e9900000| PB 0x00000000e9900000| Untracked |  0
| 154|0x00000000e9a00000, 0x00000000e9a00000, 0x00000000e9b00000|  0%| F|  |TAMS 0x00000000e9a00000| PB 0x00000000e9a00000| Untracked |  0
| 155|0x00000000e9b00000, 0x00000000e9b00000, 0x00000000e9c00000|  0%| F|  |TAMS 0x00000000e9b00000| PB 0x00000000e9b00000| Untracked |  0
| 156|0x00000000e9c00000, 0x00000000e9c00000, 0x00000000e9d00000|  0%| F|  |TAMS 0x00000000e9c00000| PB 0x00000000e9c00000| Untracked |  0
| 157|0x00000000e9d00000, 0x00000000e9d00000, 0x00000000e9e00000|  0%| F|  |TAMS 0x00000000e9d00000| PB 0x00000000e9d00000| Untracked |  0
| 158|0x00000000e9e00000, 0x00000000e9e00000, 0x00000000e9f00000|  0%| F|  |TAMS 0x00000000e9e00000| PB 0x00000000e9e00000| Untracked |  0
| 159|0x00000000e9f00000, 0x00000000e9f00000, 0x00000000ea000000|  0%| F|  |TAMS 0x00000000e9f00000| PB 0x00000000e9f00000| Untracked |  0
| 160|0x00000000ea000000, 0x00000000ea000000, 0x00000000ea100000|  0%| F|  |TAMS 0x00000000ea000000| PB 0x00000000ea000000| Untracked |  0
| 161|0x00000000ea100000, 0x00000000ea100000, 0x00000000ea200000|  0%| F|  |TAMS 0x00000000ea100000| PB 0x00000000ea100000| Untracked |  0
| 162|0x00000000ea200000, 0x00000000ea200000, 0x00000000ea300000|  0%| F|  |TAMS 0x00000000ea200000| PB 0x00000000ea200000| Untracked |  0
| 163|0x00000000ea300000, 0x00000000ea300000, 0x00000000ea400000|  0%| F|  |TAMS 0x00000000ea300000| PB 0x00000000ea300000| Untracked |  0
| 164|0x00000000ea400000, 0x00000000ea400000, 0x00000000ea500000|  0%| F|  |TAMS 0x00000000ea400000| PB 0x00000000ea400000| Untracked |  0
| 165|0x00000000ea500000, 0x00000000ea500000, 0x00000000ea600000|  0%| F|  |TAMS 0x00000000ea500000| PB 0x00000000ea500000| Untracked |  0
| 166|0x00000000ea600000, 0x00000000ea600000, 0x00000000ea700000|  0%| F|  |TAMS 0x00000000ea600000| PB 0x00000000ea600000| Untracked |  0
| 167|0x00000000ea700000, 0x00000000ea700000, 0x00000000ea800000|  0%| F|  |TAMS 0x00000000ea700000| PB 0x00000000ea700000| Untracked |  0
| 168|0x00000000ea800000, 0x00000000ea800000, 0x00000000ea900000|  0%| F|  |TAMS 0x00000000ea800000| PB 0x00000000ea800000| Untracked |  0
| 169|0x00000000ea900000, 0x00000000ea900000, 0x00000000eaa00000|  0%| F|  |TAMS 0x00000000ea900000| PB 0x00000000ea900000| Untracked |  0
| 170|0x00000000eaa00000, 0x00000000eaa00000, 0x00000000eab00000|  0%| F|  |TAMS 0x00000000eaa00000| PB 0x00000000eaa00000| Untracked |  0
| 171|0x00000000eab00000, 0x00000000eab00000, 0x00000000eac00000|  0%| F|  |TAMS 0x00000000eab00000| PB 0x00000000eab00000| Untracked |  0
| 172|0x00000000eac00000, 0x00000000eac00000, 0x00000000ead00000|  0%| F|  |TAMS 0x00000000eac00000| PB 0x00000000eac00000| Untracked |  0
| 173|0x00000000ead00000, 0x00000000ead00000, 0x00000000eae00000|  0%| F|  |TAMS 0x00000000ead00000| PB 0x00000000ead00000| Untracked |  0
| 174|0x00000000eae00000, 0x00000000eae00000, 0x00000000eaf00000|  0%| F|  |TAMS 0x00000000eae00000| PB 0x00000000eae00000| Untracked |  0
| 175|0x00000000eaf00000, 0x00000000eaf00000, 0x00000000eb000000|  0%| F|  |TAMS 0x00000000eaf00000| PB 0x00000000eaf00000| Untracked |  0
| 176|0x00000000eb000000, 0x00000000eb000000, 0x00000000eb100000|  0%| F|  |TAMS 0x00000000eb000000| PB 0x00000000eb000000| Untracked |  0
| 177|0x00000000eb100000, 0x00000000eb100000, 0x00000000eb200000|  0%| F|  |TAMS 0x00000000eb100000| PB 0x00000000eb100000| Untracked |  0
| 178|0x00000000eb200000, 0x00000000eb200000, 0x00000000eb300000|  0%| F|  |TAMS 0x00000000eb200000| PB 0x00000000eb200000| Untracked |  0
| 179|0x00000000eb300000, 0x00000000eb300000, 0x00000000eb400000|  0%| F|  |TAMS 0x00000000eb300000| PB 0x00000000eb300000| Untracked |  0
| 180|0x00000000eb400000, 0x00000000eb400000, 0x00000000eb500000|  0%| F|  |TAMS 0x00000000eb400000| PB 0x00000000eb400000| Untracked |  0
| 181|0x00000000eb500000, 0x00000000eb500000, 0x00000000eb600000|  0%| F|  |TAMS 0x00000000eb500000| PB 0x00000000eb500000| Untracked |  0
| 182|0x00000000eb600000, 0x00000000eb600000, 0x00000000eb700000|  0%| F|  |TAMS 0x00000000eb600000| PB 0x00000000eb600000| Untracked |  0
| 183|0x00000000eb700000, 0x00000000eb700000, 0x00000000eb800000|  0%| F|  |TAMS 0x00000000eb700000| PB 0x00000000eb700000| Untracked |  0
| 184|0x00000000eb800000, 0x00000000eb800000, 0x00000000eb900000|  0%| F|  |TAMS 0x00000000eb800000| PB 0x00000000eb800000| Untracked |  0
| 185|0x00000000eb900000, 0x00000000eb900000, 0x00000000eba00000|  0%| F|  |TAMS 0x00000000eb900000| PB 0x00000000eb900000| Untracked |  0
| 186|0x00000000eba00000, 0x00000000eba00000, 0x00000000ebb00000|  0%| F|  |TAMS 0x00000000eba00000| PB 0x00000000eba00000| Untracked |  0
| 187|0x00000000ebb00000, 0x00000000ebb00000, 0x00000000ebc00000|  0%| F|  |TAMS 0x00000000ebb00000| PB 0x00000000ebb00000| Untracked |  0
| 188|0x00000000ebc00000, 0x00000000ebc00000, 0x00000000ebd00000|  0%| F|  |TAMS 0x00000000ebc00000| PB 0x00000000ebc00000| Untracked |  0
| 189|0x00000000ebd00000, 0x00000000ebd00000, 0x00000000ebe00000|  0%| F|  |TAMS 0x00000000ebd00000| PB 0x00000000ebd00000| Untracked |  0
| 190|0x00000000ebe00000, 0x00000000ebe00000, 0x00000000ebf00000|  0%| F|  |TAMS 0x00000000ebe00000| PB 0x00000000ebe00000| Untracked |  0
| 191|0x00000000ebf00000, 0x00000000ebf00000, 0x00000000ec000000|  0%| F|  |TAMS 0x00000000ebf00000| PB 0x00000000ebf00000| Untracked |  0
| 192|0x00000000ec000000, 0x00000000ec000000, 0x00000000ec100000|  0%| F|  |TAMS 0x00000000ec000000| PB 0x00000000ec000000| Untracked |  0
| 193|0x00000000ec100000, 0x00000000ec100000, 0x00000000ec200000|  0%| F|  |TAMS 0x00000000ec100000| PB 0x00000000ec100000| Untracked |  0
| 194|0x00000000ec200000, 0x00000000ec200000, 0x00000000ec300000|  0%| F|  |TAMS 0x00000000ec200000| PB 0x00000000ec200000| Untracked |  0
| 195|0x00000000ec300000, 0x00000000ec300000, 0x00000000ec400000|  0%| F|  |TAMS 0x00000000ec300000| PB 0x00000000ec300000| Untracked |  0
| 196|0x00000000ec400000, 0x00000000ec400000, 0x00000000ec500000|  0%| F|  |TAMS 0x00000000ec400000| PB 0x00000000ec400000| Untracked |  0
| 197|0x00000000ec500000, 0x00000000ec500000, 0x00000000ec600000|  0%| F|  |TAMS 0x00000000ec500000| PB 0x00000000ec500000| Untracked |  0
| 198|0x00000000ec600000, 0x00000000ec600000, 0x00000000ec700000|  0%| F|  |TAMS 0x00000000ec600000| PB 0x00000000ec600000| Untracked |  0
| 199|0x00000000ec700000, 0x00000000ec700000, 0x00000000ec800000|  0%| F|  |TAMS 0x00000000ec700000| PB 0x00000000ec700000| Untracked |  0
| 200|0x00000000ec800000, 0x00000000ec800000, 0x00000000ec900000|  0%| F|  |TAMS 0x00000000ec800000| PB 0x00000000ec800000| Untracked |  0
| 201|0x00000000ec900000, 0x00000000ec900000, 0x00000000eca00000|  0%| F|  |TAMS 0x00000000ec900000| PB 0x00000000ec900000| Untracked |  0
| 202|0x00000000eca00000, 0x00000000eca00000, 0x00000000ecb00000|  0%| F|  |TAMS 0x00000000eca00000| PB 0x00000000eca00000| Untracked |  0
| 203|0x00000000ecb00000, 0x00000000ecb00000, 0x00000000ecc00000|  0%| F|  |TAMS 0x00000000ecb00000| PB 0x00000000ecb00000| Untracked |  0
| 204|0x00000000ecc00000, 0x00000000ecc00000, 0x00000000ecd00000|  0%| F|  |TAMS 0x00000000ecc00000| PB 0x00000000ecc00000| Untracked |  0
| 205|0x00000000ecd00000, 0x00000000ecd00000, 0x00000000ece00000|  0%| F|  |TAMS 0x00000000ecd00000| PB 0x00000000ecd00000| Untracked |  0
| 206|0x00000000ece00000, 0x00000000ece00000, 0x00000000ecf00000|  0%| F|  |TAMS 0x00000000ece00000| PB 0x00000000ece00000| Untracked |  0
| 207|0x00000000ecf00000, 0x00000000ecf00000, 0x00000000ed000000|  0%| F|  |TAMS 0x00000000ecf00000| PB 0x00000000ecf00000| Untracked |  0
| 208|0x00000000ed000000, 0x00000000ed000000, 0x00000000ed100000|  0%| F|  |TAMS 0x00000000ed000000| PB 0x00000000ed000000| Untracked |  0
| 209|0x00000000ed100000, 0x00000000ed100000, 0x00000000ed200000|  0%| F|  |TAMS 0x00000000ed100000| PB 0x00000000ed100000| Untracked |  0
| 210|0x00000000ed200000, 0x00000000ed200000, 0x00000000ed300000|  0%| F|  |TAMS 0x00000000ed200000| PB 0x00000000ed200000| Untracked |  0
| 211|0x00000000ed300000, 0x00000000ed300000, 0x00000000ed400000|  0%| F|  |TAMS 0x00000000ed300000| PB 0x00000000ed300000| Untracked |  0
| 212|0x00000000ed400000, 0x00000000ed400000, 0x00000000ed500000|  0%| F|  |TAMS 0x00000000ed400000| PB 0x00000000ed400000| Untracked |  0
| 213|0x00000000ed500000, 0x00000000ed500000, 0x00000000ed600000|  0%| F|  |TAMS 0x00000000ed500000| PB 0x00000000ed500000| Untracked |  0
| 214|0x00000000ed600000, 0x00000000ed600000, 0x00000000ed700000|  0%| F|  |TAMS 0x00000000ed600000| PB 0x00000000ed600000| Untracked |  0
| 215|0x00000000ed700000, 0x00000000ed700000, 0x00000000ed800000|  0%| F|  |TAMS 0x00000000ed700000| PB 0x00000000ed700000| Untracked |  0
| 216|0x00000000ed800000, 0x00000000ed800000, 0x00000000ed900000|  0%| F|  |TAMS 0x00000000ed800000| PB 0x00000000ed800000| Untracked |  0
| 217|0x00000000ed900000, 0x00000000ed900000, 0x00000000eda00000|  0%| F|  |TAMS 0x00000000ed900000| PB 0x00000000ed900000| Untracked |  0
| 218|0x00000000eda00000, 0x00000000eda00000, 0x00000000edb00000|  0%| F|  |TAMS 0x00000000eda00000| PB 0x00000000eda00000| Untracked |  0
| 219|0x00000000edb00000, 0x00000000edb00000, 0x00000000edc00000|  0%| F|  |TAMS 0x00000000edb00000| PB 0x00000000edb00000| Untracked |  0
| 220|0x00000000edc00000, 0x00000000edc00000, 0x00000000edd00000|  0%| F|  |TAMS 0x00000000edc00000| PB 0x00000000edc00000| Untracked |  0
| 221|0x00000000edd00000, 0x00000000edd00000, 0x00000000ede00000|  0%| F|  |TAMS 0x00000000edd00000| PB 0x00000000edd00000| Untracked |  0
| 222|0x00000000ede00000, 0x00000000ede00000, 0x00000000edf00000|  0%| F|  |TAMS 0x00000000ede00000| PB 0x00000000ede00000| Untracked |  0
| 223|0x00000000edf00000, 0x00000000edf00000, 0x00000000ee000000|  0%| F|  |TAMS 0x00000000edf00000| PB 0x00000000edf00000| Untracked |  0
| 224|0x00000000ee000000, 0x00000000ee000000, 0x00000000ee100000|  0%| F|  |TAMS 0x00000000ee000000| PB 0x00000000ee000000| Untracked |  0
| 225|0x00000000ee100000, 0x00000000ee100000, 0x00000000ee200000|  0%| F|  |TAMS 0x00000000ee100000| PB 0x00000000ee100000| Untracked |  0
| 226|0x00000000ee200000, 0x00000000ee200000, 0x00000000ee300000|  0%| F|  |TAMS 0x00000000ee200000| PB 0x00000000ee200000| Untracked |  0
| 227|0x00000000ee300000, 0x00000000ee300000, 0x00000000ee400000|  0%| F|  |TAMS 0x00000000ee300000| PB 0x00000000ee300000| Untracked |  0
| 228|0x00000000ee400000, 0x00000000ee400000, 0x00000000ee500000|  0%| F|  |TAMS 0x00000000ee400000| PB 0x00000000ee400000| Untracked |  0
| 229|0x00000000ee500000, 0x00000000ee600000, 0x00000000ee600000|100%| E|  |TAMS 0x00000000ee500000| PB 0x00000000ee500000| Complete |  0
| 230|0x00000000ee600000, 0x00000000ee700000, 0x00000000ee700000|100%| E|CS|TAMS 0x00000000ee600000| PB 0x00000000ee600000| Complete |  0
| 231|0x00000000ee700000, 0x00000000ee800000, 0x00000000ee800000|100%| E|CS|TAMS 0x00000000ee700000| PB 0x00000000ee700000| Complete |  0
| 232|0x00000000ee800000, 0x00000000ee900000, 0x00000000ee900000|100%| E|CS|TAMS 0x00000000ee800000| PB 0x00000000ee800000| Complete |  0
| 233|0x00000000ee900000, 0x00000000eea00000, 0x00000000eea00000|100%| E|CS|TAMS 0x00000000ee900000| PB 0x00000000ee900000| Complete |  0
| 234|0x00000000eea00000, 0x00000000eeb00000, 0x00000000eeb00000|100%| E|CS|TAMS 0x00000000eea00000| PB 0x00000000eea00000| Complete |  0
| 235|0x00000000eeb00000, 0x00000000eec00000, 0x00000000eec00000|100%| E|CS|TAMS 0x00000000eeb00000| PB 0x00000000eeb00000| Complete |  0
| 236|0x00000000eec00000, 0x00000000eeccc600, 0x00000000eed00000| 79%| S|CS|TAMS 0x00000000eec00000| PB 0x00000000eec00000| Complete |  0
| 237|0x00000000eed00000, 0x00000000eee00000, 0x00000000eee00000|100%| S|CS|TAMS 0x00000000eed00000| PB 0x00000000eed00000| Complete |  0
| 238|0x00000000eee00000, 0x00000000eef00000, 0x00000000eef00000|100%| S|CS|TAMS 0x00000000eee00000| PB 0x00000000eee00000| Complete |  0
| 239|0x00000000eef00000, 0x00000000ef000000, 0x00000000ef000000|100%| S|CS|TAMS 0x00000000eef00000| PB 0x00000000eef00000| Complete |  0
| 240|0x00000000ef000000, 0x00000000ef100000, 0x00000000ef100000|100%| S|CS|TAMS 0x00000000ef000000| PB 0x00000000ef000000| Complete |  0
| 241|0x00000000ef100000, 0x00000000ef200000, 0x00000000ef200000|100%| S|CS|TAMS 0x00000000ef100000| PB 0x00000000ef100000| Complete |  0
| 242|0x00000000ef200000, 0x00000000ef300000, 0x00000000ef300000|100%| S|CS|TAMS 0x00000000ef200000| PB 0x00000000ef200000| Complete |  0
| 243|0x00000000ef300000, 0x00000000ef400000, 0x00000000ef400000|100%| S|CS|TAMS 0x00000000ef300000| PB 0x00000000ef300000| Complete |  0
| 244|0x00000000ef400000, 0x00000000ef500000, 0x00000000ef500000|100%| E|CS|TAMS 0x00000000ef400000| PB 0x00000000ef400000| Complete |  0
| 245|0x00000000ef500000, 0x00000000ef600000, 0x00000000ef600000|100%| E|CS|TAMS 0x00000000ef500000| PB 0x00000000ef500000| Complete |  0
| 246|0x00000000ef600000, 0x00000000ef700000, 0x00000000ef700000|100%| E|CS|TAMS 0x00000000ef600000| PB 0x00000000ef600000| Complete |  0
| 247|0x00000000ef700000, 0x00000000ef800000, 0x00000000ef800000|100%| E|CS|TAMS 0x00000000ef700000| PB 0x00000000ef700000| Complete |  0
| 248|0x00000000ef800000, 0x00000000ef900000, 0x00000000ef900000|100%| E|CS|TAMS 0x00000000ef800000| PB 0x00000000ef800000| Complete |  0
| 249|0x00000000ef900000, 0x00000000efa00000, 0x00000000efa00000|100%| E|CS|TAMS 0x00000000ef900000| PB 0x00000000ef900000| Complete |  0
| 250|0x00000000efa00000, 0x00000000efb00000, 0x00000000efb00000|100%| E|CS|TAMS 0x00000000efa00000| PB 0x00000000efa00000| Complete |  0
| 251|0x00000000efb00000, 0x00000000efc00000, 0x00000000efc00000|100%| E|CS|TAMS 0x00000000efb00000| PB 0x00000000efb00000| Complete |  0
| 252|0x00000000efc00000, 0x00000000efd00000, 0x00000000efd00000|100%| E|CS|TAMS 0x00000000efc00000| PB 0x00000000efc00000| Complete |  0
| 255|0x00000000eff00000, 0x00000000f0000000, 0x00000000f0000000|100%| E|CS|TAMS 0x00000000eff00000| PB 0x00000000eff00000| Complete |  0
| 510|0x00000000ffe00000, 0x00000000fff00000, 0x00000000fff00000|100%| O|  |TAMS 0x00000000ffe00000| PB 0x00000000ffe00000| Untracked |  0
| 511|0x00000000fff00000, 0x0000000100000000, 0x0000000100000000|100%| E|CS|TAMS 0x00000000fff00000| PB 0x00000000fff00000| Complete |  0

Card table byte_map: [0x000002799cd10000,0x000002799ce10000] _byte_map_base: 0x000002799c610000

Marking Bits: (CMBitMap*) 0x0000027984d39e80
 Bits: [0x000002799ce10000, 0x000002799d610000)

Polling page: 0x0000027982ba0000

Metaspace:

Usage:
  Non-class:     32.45 MB used.
      Class:      4.15 MB used.
       Both:     36.60 MB used.

Virtual space:
  Non-class space:       64.00 MB reserved,      33.25 MB ( 52%) committed,  1 nodes.
      Class space:      320.00 MB reserved,       4.81 MB (  2%) committed,  1 nodes.
             Both:      384.00 MB reserved,      38.06 MB ( 10%) committed. 

Chunk freelists:
   Non-Class:  13.96 MB
       Class:  11.17 MB
        Both:  25.13 MB

MaxMetaspaceSize: 384.00 MB
CompressedClassSpaceSize: 320.00 MB
Initial GC threshold: 21.00 MB
Current GC threshold: 60.25 MB
CDS: on
 - commit_granule_bytes: 65536.
 - commit_granule_words: 8192.
 - virtual_space_node_default_size: 8388608.
 - enlarge_chunks_in_place: 1.
UseCompressedClassPointers 1, UseCompactObjectHeaders 0
Narrow klass pointer bits 32, Max shift 3
Narrow klass base: 0x00000279a1000000, Narrow klass shift: 0
Encoding Range: [0x00000279a1000000 - 0x0000027aa1000000), (4294967296 bytes)
Klass Range:    [0x00000279a1000000 - 0x00000279b6000000), (352321536 bytes)
Klass ID Range:  [8 - 352321529) (352321521)


Internal statistics:

num_allocs_failed_limit: 12.
num_arena_births: 2532.
num_arena_deaths: 0.
num_vsnodes_births: 2.
num_vsnodes_deaths: 0.
num_space_committed: 609.
num_space_uncommitted: 0.
num_chunks_returned_to_freelist: 12.
num_chunks_taken_from_freelist: 4168.
num_chunk_merges: 12.
num_chunk_splits: 2755.
num_chunks_enlarged: 1747.
num_inconsistent_stats: 0.

CodeHeap 'non-profiled nmethods': size=120064Kb used=1881Kb max_used=1881Kb free=118182Kb
 bounds [0x0000027995070000, 0x00000279952e0000, 0x000002799c5b0000]
CodeHeap 'profiled nmethods': size=120000Kb used=6728Kb max_used=7248Kb free=113271Kb
 bounds [0x000002798d5b0000, 0x000002798dcd0000, 0x0000027994ae0000]
CodeHeap 'non-nmethods': size=5696Kb used=1842Kb max_used=2005Kb free=3853Kb
 bounds [0x0000027994ae0000, 0x0000027994d50000, 0x0000027995070000]
CodeCache: size=245760Kb, used=10451Kb, max_used=11134Kb, free=235306Kb
 total_blobs=4821, nmethods=4089, adapters=636, full_count=0
Compilation: enabled, stopped_count=0, restarted_count=0

Compilation events (20 events):
Event: 11.760 Thread 0x00000279a028d520 4505  s    3       java.beans.MethodDescriptor::setMethod (41 bytes)
Event: 11.761 Thread 0x00000279a028d520 nmethod 4505 0x000002798d633108 code [0x000002798d6333e0, 0x000002798d634cb8]
Event: 11.761 Thread 0x00000279a028d520 4507       1       sun.reflect.generics.scope.AbstractScope::getRecvr (5 bytes)
Event: 11.761 Thread 0x00000279a028d520 nmethod 4507 0x0000027995094188 code [0x0000027995094280, 0x0000027995094348]
Event: 11.761 Thread 0x00000279a028d520 4508       1       sun.reflect.generics.tree.MethodTypeSignature::getParameterTypes (5 bytes)
Event: 11.761 Thread 0x00000279a028d520 nmethod 4508 0x0000027995093c08 code [0x0000027995093d00, 0x0000027995093dc8]
Event: 11.762 Thread 0x00000279a028d520 4509       1       java.util.TreeMap::size (5 bytes)
Event: 11.762 Thread 0x00000279a028d520 nmethod 4509 0x000002799510d588 code [0x000002799510d680, 0x000002799510d748]
Event: 11.770 Thread 0x00000279a028d520 4510       3       com.google.common.base.Equivalence::hash (12 bytes)
Event: 11.771 Thread 0x00000279a028d520 nmethod 4510 0x000002798d851b08 code [0x000002798d851c40, 0x000002798d851e58]
Event: 11.780 Thread 0x00000279a028d520 4512       3       java.util.TreeMap::rotateLeft (96 bytes)
Event: 11.781 Thread 0x00000279a028d520 nmethod 4512 0x000002798d85d088 code [0x000002798d85d1c0, 0x000002798d85d6a8]
Event: 11.781 Thread 0x00000279a028d520 4514       3       java.util.Spliterators$ArraySpliterator::forEachRemaining (68 bytes)
Event: 11.781 Thread 0x00000279a028d520 nmethod 4514 0x000002798d814188 code [0x000002798d8142e0, 0x000002798d814720]
Event: 11.782 Thread 0x00000279a028d520 4513       3       java.security.AccessController::doPrivileged (9 bytes)
Event: 11.782 Thread 0x00000279a028d520 nmethod 4513 0x000002798d742188 code [0x000002798d7422a0, 0x000002798d742450]
Event: 11.782 Thread 0x00000279a028d520 4515       3       java.util.LinkedHashMap$LinkedEntryIterator::next (5 bytes)
Event: 11.783 Thread 0x00000279a028d520 nmethod 4515 0x000002798d813d08 code [0x000002798d813e20, 0x000002798d8140b0]
Event: 11.783 Thread 0x00000279a028d520 4516       3       java.util.LinkedHashMap$LinkedEntryIterator::next (5 bytes)
Event: 11.783 Thread 0x00000279a028d520 nmethod 4516 0x000002798d758688 code [0x000002798d7587a0, 0x000002798d758958]

GC Heap History (12 events):
Event: 1.056 GC heap before
{Heap before GC invocations=0 (full 0):
 garbage-first heap   total reserved 524288K, committed 264192K, used 55412K [0x00000000e0000000, 0x0000000100000000)
  region size 1024K, 47 young (48128K), 0 survivors (0K)
 Metaspace       used 4671K, committed 4864K, reserved 393216K
  class space    used 412K, committed 512K, reserved 327680K
}
Event: 1.066 GC heap after
{Heap after GC invocations=1 (full 0):
 garbage-first heap   total reserved 524288K, committed 264192K, used 14934K [0x00000000e0000000, 0x0000000100000000)
  region size 1024K, 6 young (6144K), 6 survivors (6144K)
 Metaspace       used 4671K, committed 4864K, reserved 393216K
  class space    used 412K, committed 512K, reserved 327680K
}
Event: 6.340 GC heap before
{Heap before GC invocations=1 (full 0):
 garbage-first heap   total reserved 524288K, committed 264192K, used 121430K [0x00000000e0000000, 0x0000000100000000)
  region size 1024K, 110 young (112640K), 6 survivors (6144K)
 Metaspace       used 19793K, committed 20480K, reserved 393216K
  class space    used 2116K, committed 2432K, reserved 327680K
}
Event: 6.358 GC heap after
{Heap after GC invocations=2 (full 0):
 garbage-first heap   total reserved 524288K, committed 264192K, used 23681K [0x00000000e0000000, 0x0000000100000000)
  region size 1024K, 14 young (14336K), 14 survivors (14336K)
 Metaspace       used 19793K, committed 20480K, reserved 393216K
  class space    used 2116K, committed 2432K, reserved 327680K
}
Event: 6.491 GC heap before
{Heap before GC invocations=2 (full 0):
 garbage-first heap   total reserved 524288K, committed 264192K, used 30849K [0x00000000e0000000, 0x0000000100000000)
  region size 1024K, 21 young (21504K), 14 survivors (14336K)
 Metaspace       used 20876K, committed 21504K, reserved 393216K
  class space    used 2180K, committed 2496K, reserved 327680K
}
Event: 6.510 GC heap after
{Heap after GC invocations=3 (full 0):
 garbage-first heap   total reserved 524288K, committed 264192K, used 25579K [0x00000000e0000000, 0x0000000100000000)
  region size 1024K, 9 young (9216K), 9 survivors (9216K)
 Metaspace       used 20876K, committed 21504K, reserved 393216K
  class space    used 2180K, committed 2496K, reserved 327680K
}
Event: 10.778 GC heap before
{Heap before GC invocations=4 (full 0):
 garbage-first heap   total reserved 524288K, committed 262144K, used 144363K [0x00000000e0000000, 0x0000000100000000)
  region size 1024K, 127 young (130048K), 9 survivors (9216K)
 Metaspace       used 35020K, committed 36288K, reserved 393216K
  class space    used 3951K, committed 4544K, reserved 327680K
}
Event: 10.794 GC heap after
{Heap after GC invocations=5 (full 0):
 garbage-first heap   total reserved 524288K, committed 262144K, used 31326K [0x00000000e0000000, 0x0000000100000000)
  region size 1024K, 16 young (16384K), 16 survivors (16384K)
 Metaspace       used 35020K, committed 36288K, reserved 393216K
  class space    used 3951K, committed 4544K, reserved 327680K
}
Event: 10.842 GC heap before
{Heap before GC invocations=5 (full 0):
 garbage-first heap   total reserved 524288K, committed 262144K, used 32350K [0x00000000e0000000, 0x0000000100000000)
  region size 1024K, 18 young (18432K), 16 survivors (16384K)
 Metaspace       used 35352K, committed 36608K, reserved 393216K
  class space    used 3961K, committed 4544K, reserved 327680K
}
Event: 10.856 GC heap after
{Heap after GC invocations=6 (full 0):
 garbage-first heap   total reserved 524288K, committed 262144K, used 31833K [0x00000000e0000000, 0x0000000100000000)
  region size 1024K, 8 young (8192K), 8 survivors (8192K)
 Metaspace       used 35352K, committed 36608K, reserved 393216K
  class space    used 3961K, committed 4544K, reserved 327680K
}
Event: 10.912 GC heap before
{Heap before GC invocations=6 (full 0):
 garbage-first heap   total reserved 524288K, committed 262144K, used 32857K [0x00000000e0000000, 0x0000000100000000)
  region size 1024K, 11 young (11264K), 8 survivors (8192K)
 Metaspace       used 35641K, committed 36928K, reserved 393216K
  class space    used 3994K, committed 4608K, reserved 327680K
}
Event: 10.920 GC heap after
{Heap after GC invocations=7 (full 0):
 garbage-first heap   total reserved 524288K, committed 262144K, used 31657K [0x00000000e0000000, 0x0000000100000000)
  region size 1024K, 8 young (8192K), 8 survivors (8192K)
 Metaspace       used 35641K, committed 36928K, reserved 393216K
  class space    used 3994K, committed 4608K, reserved 327680K
}

Dll operation events (15 events):
Event: 0.014 Loaded shared library C:\Program Files\Java\jdk-24\bin\java.dll
Event: 0.055 Loaded shared library C:\Program Files\Java\jdk-24\bin\jsvml.dll
Event: 0.105 Loaded shared library C:\Program Files\Java\jdk-24\bin\zip.dll
Event: 0.110 Loaded shared library C:\Program Files\Java\jdk-24\bin\instrument.dll
Event: 0.115 Loaded shared library C:\Program Files\Java\jdk-24\bin\net.dll
Event: 0.118 Loaded shared library C:\Program Files\Java\jdk-24\bin\nio.dll
Event: 0.120 Loaded shared library C:\Program Files\Java\jdk-24\bin\zip.dll
Event: 0.270 Loaded shared library C:\Program Files\Java\jdk-24\bin\jimage.dll
Event: 0.504 Loaded shared library C:\Program Files\Java\jdk-24\bin\verify.dll
Event: 0.579 Loaded shared library C:\Users\Admin\.gradle\native\660c5614fbf4a5f2a75b1949f50a0caf5cd603558e7d8a26e50b933a0cfb79d1\windows-amd64\native-platform.dll
Event: 0.601 Loaded shared library C:\Users\Admin\.gradle\native\0.2.8\x86_64-windows-gnu\gradle-fileevents.dll
Event: 1.543 Loaded shared library C:\Program Files\Java\jdk-24\bin\management.dll
Event: 1.549 Loaded shared library C:\Program Files\Java\jdk-24\bin\management_ext.dll
Event: 2.341 Loaded shared library C:\Program Files\Java\jdk-24\bin\extnet.dll
Event: 2.656 Loaded shared library C:\Program Files\Java\jdk-24\bin\sunmscapi.dll

Deoptimization events (20 events):
Event: 11.611 Thread 0x00000279bb5a2db0 Uncommon trap: trap_request=0xffffff4d fr.pc=0x00000279951e6ac0 relative=0x00000000000001a0
Event: 11.611 Thread 0x00000279bb5a2db0 Uncommon trap: reason=unstable_if action=reinterpret pc=0x00000279951e6ac0 method=java.lang.invoke.InvokerBytecodeGenerator.isStaticallyInvocable(Ljava/lang/invoke/MemberName;)Z @ 145 c2
Event: 11.611 Thread 0x00000279bb5a2db0 DEOPT PACKING pc=0x00000279951e6ac0 sp=0x000000b3326f8730
Event: 11.611 Thread 0x00000279bb5a2db0 DEOPT UNPACKING pc=0x0000027994bf6e82 sp=0x000000b3326f86d0 mode 2
Event: 11.618 Thread 0x00000279bb5a2db0 Uncommon trap: trap_request=0xffffff4d fr.pc=0x0000027995151d7c relative=0x00000000000001dc
Event: 11.618 Thread 0x00000279bb5a2db0 Uncommon trap: reason=unstable_if action=reinterpret pc=0x0000027995151d7c method=java.lang.invoke.LambdaForm.useCount(Ljava/lang/invoke/LambdaForm$Name;)I @ 8 c2
Event: 11.618 Thread 0x00000279bb5a2db0 DEOPT PACKING pc=0x0000027995151d7c sp=0x000000b3326f7e00
Event: 11.618 Thread 0x00000279bb5a2db0 DEOPT UNPACKING pc=0x0000027994bf6e82 sp=0x000000b3326f7d58 mode 2
Event: 11.647 Thread 0x00000279bb5a2db0 Uncommon trap: trap_request=0xffffffc6 fr.pc=0x00000279950b5524 relative=0x00000000000002c4
Event: 11.647 Thread 0x00000279bb5a2db0 Uncommon trap: reason=bimorphic_or_optimized_type_check action=maybe_recompile pc=0x00000279950b5524 method=java.util.stream.MatchOps$1MatchSink.accept(Ljava/lang/Object;)V @ 12 c2
Event: 11.647 Thread 0x00000279bb5a2db0 DEOPT PACKING pc=0x00000279950b5524 sp=0x000000b3326f9800
Event: 11.648 Thread 0x00000279bb5a2db0 DEOPT UNPACKING pc=0x0000027994bf6e82 sp=0x000000b3326f97a8 mode 2
Event: 11.648 Thread 0x00000279bb5a2db0 Uncommon trap: trap_request=0xffffffc6 fr.pc=0x00000279950b5524 relative=0x00000000000002c4
Event: 11.648 Thread 0x00000279bb5a2db0 Uncommon trap: reason=bimorphic_or_optimized_type_check action=maybe_recompile pc=0x00000279950b5524 method=java.util.stream.MatchOps$1MatchSink.accept(Ljava/lang/Object;)V @ 12 c2
Event: 11.648 Thread 0x00000279bb5a2db0 DEOPT PACKING pc=0x00000279950b5524 sp=0x000000b3326f9800
Event: 11.648 Thread 0x00000279bb5a2db0 DEOPT UNPACKING pc=0x0000027994bf6e82 sp=0x000000b3326f97a8 mode 2
Event: 11.706 Thread 0x00000279bb5a2db0 Uncommon trap: trap_request=0xffffffde fr.pc=0x00000279950b86dc relative=0x000000000000093c
Event: 11.706 Thread 0x00000279bb5a2db0 Uncommon trap: reason=class_check action=maybe_recompile pc=0x00000279950b86dc method=jdk.internal.loader.URLClassPath.getLoader(I)Ljdk/internal/loader/URLClassPath$Loader; @ 198 c2
Event: 11.706 Thread 0x00000279bb5a2db0 DEOPT PACKING pc=0x00000279950b86dc sp=0x000000b3326f9920
Event: 11.706 Thread 0x00000279bb5a2db0 DEOPT UNPACKING pc=0x0000027994bf6e82 sp=0x000000b3326f98d8 mode 2

Classes loaded (20 events):
Event: 11.680 Loading class java/lang/BooleanBeanInfo
Event: 11.680 Loading class java/lang/BooleanBeanInfo done
Event: 11.680 Loading class java/lang/BooleanBeanInfo
Event: 11.680 Loading class java/lang/BooleanBeanInfo done
Event: 11.680 Loading class java/lang/BooleanCustomizer
Event: 11.680 Loading class java/lang/BooleanCustomizer done
Event: 11.681 Loading class java/lang/BooleanCustomizer
Event: 11.681 Loading class java/lang/BooleanCustomizer done
Event: 11.681 Loading class jdk/internal/ValueBased
Event: 11.681 Loading class jdk/internal/ValueBased done
Event: 11.756 Loading class sun/reflect/generics/reflectiveObjects/GenericArrayTypeImpl
Event: 11.757 Loading class sun/reflect/generics/reflectiveObjects/GenericArrayTypeImpl done
Event: 11.771 Loading class com/sun/beans/finder/MethodFinder
Event: 11.775 Loading class com/sun/beans/finder/AbstractFinder
Event: 11.775 Loading class com/sun/beans/finder/AbstractFinder done
Event: 11.776 Loading class com/sun/beans/finder/MethodFinder done
Event: 11.776 Loading class com/sun/beans/finder/MethodFinder$1
Event: 11.776 Loading class com/sun/beans/finder/MethodFinder$1 done
Event: 11.776 Loading class com/sun/beans/finder/FinderUtils
Event: 11.776 Loading class com/sun/beans/finder/FinderUtils done

Classes unloaded (0 events):
No events

Classes redefined (0 events):
No events

Internal exceptions (20 events):
Event: 11.447 Thread 0x00000279bb5a2db0 Exception <a 'java/lang/NoSuchMethodError'{0x00000000ef462498}: 'java.lang.Object java.lang.invoke.DirectMethodHandle$Holder.invokeStaticInit(java.lang.Object, java.lang.Object, java.lang.Object, java.lang.Object)'> (0x00000000ef462498) 
thrown [s\open\src\hotspot\share\interpreter\linkResolver.cpp, line 805]
Event: 11.447 Thread 0x00000279bb5a2db0 Exception <a 'java/lang/NoSuchMethodError'{0x00000000ef46b760}: 'java.lang.Object java.lang.invoke.DirectMethodHandle$Holder.invokeInterface(java.lang.Object, java.lang.Object, java.lang.Object, java.lang.Object)'> (0x00000000ef46b760) 
thrown [s\open\src\hotspot\share\interpreter\linkResolver.cpp, line 805]
Event: 11.447 Thread 0x00000279bb5a2db0 Exception <a 'java/lang/IncompatibleClassChangeError'{0x00000000ef474898}: Found class java.lang.Object, but interface was expected> (0x00000000ef474898) 
thrown [s\open\src\hotspot\share\interpreter\linkResolver.cpp, line 872]
Event: 11.453 Thread 0x00000279bb5a2db0 Exception <a 'java/lang/NoSuchMethodError'{0x00000000ef4b4e80}: 'java.lang.Object java.lang.invoke.DirectMethodHandle$Holder.invokeStatic(java.lang.Object, int, java.lang.Object, java.lang.Object)'> (0x00000000ef4b4e80) 
thrown [s\open\src\hotspot\share\interpreter\linkResolver.cpp, line 805]
Event: 11.454 Thread 0x00000279bb5a2db0 Exception <a 'java/lang/NoSuchMethodError'{0x00000000ef4be120}: 'java.lang.Object java.lang.invoke.DirectMethodHandle$Holder.invokeSpecial(java.lang.Object, java.lang.Object, int, java.lang.Object, java.lang.Object)'> (0x00000000ef4be120) 
thrown [s\open\src\hotspot\share\interpreter\linkResolver.cpp, line 805]
Event: 11.454 Thread 0x00000279bb5a2db0 Exception <a 'java/lang/NoSuchMethodError'{0x00000000ef4c6d08}: 'java.lang.Object java.lang.invoke.DelegatingMethodHandle$Holder.delegate(java.lang.Object, int, java.lang.Object, java.lang.Object)'> (0x00000000ef4c6d08) 
thrown [s\open\src\hotspot\share\interpreter\linkResolver.cpp, line 805]
Event: 11.473 Thread 0x00000279bb5a2db0 Exception <a 'java/lang/NoSuchMethodError'{0x00000000eeb27568}: 'void java.lang.invoke.Invokers$Holder.invoke_MT(java.lang.Object, java.lang.Object, java.lang.Object, java.lang.Object)'> (0x00000000eeb27568) 
thrown [s\open\src\hotspot\share\interpreter\linkResolver.cpp, line 805]
Event: 11.514 Thread 0x00000279bb5a2db0 Exception <a 'java/lang/ClassNotFoundException'{0x00000000eea5cc20}: org/gradle/invocation/DefaultGradle_DecoratedBeanInfo> (0x00000000eea5cc20) 
thrown [s\open\src\hotspot\share\classfile\systemDictionary.cpp, line 327]
Event: 11.515 Thread 0x00000279bb5a2db0 Exception <a 'java/lang/ClassNotFoundException'{0x00000000eea68c28}: org/gradle/invocation/DefaultGradleBeanInfo> (0x00000000eea68c28) 
thrown [s\open\src\hotspot\share\classfile\systemDictionary.cpp, line 327]
Event: 11.515 Thread 0x00000279bb5a2db0 Exception <a 'java/lang/ClassNotFoundException'{0x00000000eea75850}: org/gradle/api/internal/project/AbstractPluginAwareBeanInfo> (0x00000000eea75850) 
thrown [s\open\src\hotspot\share\classfile\systemDictionary.cpp, line 327]
Event: 11.517 Thread 0x00000279bb5a2db0 Exception <a 'java/lang/ClassNotFoundException'{0x00000000eea81cb8}: org/gradle/api/internal/project/AbstractPluginAwareCustomizer> (0x00000000eea81cb8) 
thrown [s\open\src\hotspot\share\classfile\systemDictionary.cpp, line 327]
Event: 11.520 Thread 0x00000279bb5a2db0 Exception <a 'java/lang/ClassNotFoundException'{0x00000000eea94c00}: org/gradle/invocation/DefaultGradleCustomizer> (0x00000000eea94c00) 
thrown [s\open\src\hotspot\share\classfile\systemDictionary.cpp, line 327]
Event: 11.525 Thread 0x00000279bb5a2db0 Exception <a 'java/lang/ClassNotFoundException'{0x00000000eead68c8}: org/gradle/invocation/DefaultGradle_DecoratedCustomizer> (0x00000000eead68c8) 
thrown [s\open\src\hotspot\share\classfile\systemDictionary.cpp, line 327]
Event: 11.670 Thread 0x00000279bb5a2db0 Exception <a 'java/lang/NoSuchMethodError'{0x00000000ee8f1468}: 'int java.lang.invoke.Invokers$Holder.linkToCallSite(java.lang.Object, java.lang.Object)'> (0x00000000ee8f1468) 
thrown [s\open\src\hotspot\share\interpreter\linkResolver.cpp, line 805]
Event: 11.680 Thread 0x00000279bb5a2db0 Exception <a 'java/lang/ClassNotFoundException'{0x00000000ee710418}: java/lang/BooleanBeanInfo> (0x00000000ee710418) 
thrown [s\open\src\hotspot\share\classfile\systemDictionary.cpp, line 327]
Event: 11.681 Thread 0x00000279bb5a2db0 Exception <a 'java/lang/ClassNotFoundException'{0x00000000ee714878}: java/lang/BooleanCustomizer> (0x00000000ee714878) 
thrown [s\open\src\hotspot\share\classfile\systemDictionary.cpp, line 327]
Event: 11.730 Thread 0x00000279bb5a2db0 Exception <a 'java/lang/ClassNotFoundException'{0x00000000ee7ad770}: groovy/lang/Closure$1BeanInfo> (0x00000000ee7ad770) 
thrown [s\open\src\hotspot\share\classfile\systemDictionary.cpp, line 327]
Event: 11.733 Thread 0x00000279bb5a2db0 Exception <a 'java/lang/ClassNotFoundException'{0x00000000ee7b96d0}: groovy/lang/ClosureBeanInfo> (0x00000000ee7b96d0) 
thrown [s\open\src\hotspot\share\classfile\systemDictionary.cpp, line 327]
Event: 11.737 Thread 0x00000279bb5a2db0 Exception <a 'java/lang/ClassNotFoundException'{0x00000000ee7c5638}: groovy/lang/ClosureCustomizer> (0x00000000ee7c5638) 
thrown [s\open\src\hotspot\share\classfile\systemDictionary.cpp, line 327]
Event: 11.770 Thread 0x00000279bb5a2db0 Exception <a 'java/lang/ClassNotFoundException'{0x00000000ee7f5600}: groovy/lang/Closure$1Customizer> (0x00000000ee7f5600) 
thrown [s\open\src\hotspot\share\classfile\systemDictionary.cpp, line 327]

VM Operations (20 events):
Event: 9.134 Executing VM operation: HandshakeAllThreads (Deoptimize)
Event: 9.134 Executing VM operation: HandshakeAllThreads (Deoptimize) done
Event: 10.778 Executing VM operation: CollectForMetadataAllocation (Metadata GC Threshold)
Event: 10.794 Executing VM operation: CollectForMetadataAllocation (Metadata GC Threshold) done
Event: 10.842 Executing VM operation: CollectForMetadataAllocation (Metadata GC Threshold)
Event: 10.856 Executing VM operation: CollectForMetadataAllocation (Metadata GC Threshold) done
Event: 10.912 Executing VM operation: CollectForMetadataAllocation (Metadata GC Threshold)
Event: 10.920 Executing VM operation: CollectForMetadataAllocation (Metadata GC Threshold) done
Event: 10.942 Executing VM operation: G1PauseRemark
Event: 10.946 Executing VM operation: G1PauseRemark done
Event: 10.950 Executing VM operation: G1PauseCleanup
Event: 10.950 Executing VM operation: G1PauseCleanup done
Event: 11.413 Executing VM operation: HandshakeAllThreads (Deoptimize)
Event: 11.413 Executing VM operation: HandshakeAllThreads (Deoptimize) done
Event: 11.420 Executing VM operation: HandshakeAllThreads (Deoptimize)
Event: 11.420 Executing VM operation: HandshakeAllThreads (Deoptimize) done
Event: 11.420 Executing VM operation: HandshakeAllThreads (Deoptimize)
Event: 11.421 Executing VM operation: HandshakeAllThreads (Deoptimize) done
Event: 11.452 Executing VM operation: HandshakeAllThreads (Deoptimize)
Event: 11.452 Executing VM operation: HandshakeAllThreads (Deoptimize) done

Memory protections (0 events):
No events

Nmethod flushes (20 events):
Event: 10.945 Thread 0x00000279a023fc00 flushing  nmethod 0x000002798d732f08
Event: 10.945 Thread 0x00000279a023fc00 flushing  nmethod 0x000002798d733208
Event: 10.945 Thread 0x00000279a023fc00 flushing  nmethod 0x000002798d735c08
Event: 10.945 Thread 0x00000279a023fc00 flushing  nmethod 0x000002798d752508
Event: 10.945 Thread 0x00000279a023fc00 flushing  nmethod 0x000002798d756208
Event: 10.945 Thread 0x00000279a023fc00 flushing  nmethod 0x000002798d758688
Event: 10.945 Thread 0x00000279a023fc00 flushing  nmethod 0x000002798d75a988
Event: 10.945 Thread 0x00000279a023fc00 flushing  nmethod 0x000002798d7b5588
Event: 10.945 Thread 0x00000279a023fc00 flushing  nmethod 0x000002798d811188
Event: 10.945 Thread 0x00000279a023fc00 flushing  nmethod 0x000002798d813d08
Event: 10.945 Thread 0x00000279a023fc00 flushing  nmethod 0x000002798d853d88
Event: 10.945 Thread 0x00000279a023fc00 flushing  nmethod 0x000002798d85b088
Event: 10.945 Thread 0x00000279a023fc00 flushing  nmethod 0x000002798d85b388
Event: 10.945 Thread 0x00000279a023fc00 flushing  nmethod 0x000002798d85d088
Event: 10.945 Thread 0x00000279a023fc00 flushing  nmethod 0x000002798d8d0808
Event: 10.945 Thread 0x00000279a023fc00 flushing  nmethod 0x000002798d8d3d88
Event: 10.945 Thread 0x00000279a023fc00 flushing  nmethod 0x000002798d961308
Event: 10.945 Thread 0x00000279a023fc00 flushing  nmethod 0x000002798dac7a08
Event: 10.945 Thread 0x00000279a023fc00 flushing  nmethod 0x000002798dac8008
Event: 10.945 Thread 0x00000279a023fc00 flushing  nmethod 0x000002798dac8308

Events (20 events):
Event: 2.750 Thread 0x00000279a028c600 Thread exited: 0x00000279a028c600
Event: 2.750 Thread 0x00000279bb5a2db0 Thread added: 0x00000279bb5a1f10
Event: 2.770 Thread 0x00000279bb5a2db0 Thread added: 0x00000279bb5a3500
Event: 2.776 Thread 0x00000279bb5a2db0 Thread added: 0x00000279bb5a2660
Event: 4.255 Thread 0x00000279bb5a2db0 Thread added: 0x00000279bba483b0
Event: 4.280 Thread 0x00000279bb5a2db0 Thread added: 0x00000279bba47c60
Event: 4.630 Thread 0x00000279bb5a2db0 Thread added: 0x00000279bba4a0f0
Event: 4.979 Thread 0x00000279a028d520 Thread added: 0x00000279a028ebd0
Event: 5.943 Thread 0x00000279a028ebd0 Thread exited: 0x00000279a028ebd0
Event: 6.240 Thread 0x00000279a026b010 Thread added: 0x00000279a028be70
Event: 7.690 Thread 0x00000279bb5a2db0 Thread added: 0x00000279bba4b6e0
Event: 7.723 Thread 0x00000279bb5a2db0 Thread added: 0x00000279bba4af90
Event: 8.037 Thread 0x00000279bb5a2db0 Thread added: 0x00000279bba4a840
Event: 8.042 Thread 0x00000279bb5a2db0 Thread added: 0x00000279bba499a0
Event: 8.203 Thread 0x00000279bb5a2db0 Thread added: 0x00000279bba48b00
Event: 8.310 Thread 0x00000279bb5a2db0 Thread added: 0x00000279bba4be30
Event: 8.635 Thread 0x00000279bb5a2db0 Thread added: 0x00000279bba4c580
Event: 8.706 Thread 0x00000279bb5a2db0 Thread added: 0x00000279bba49250
Event: 9.016 Thread 0x00000279bb5a2db0 Thread added: 0x00000279bba4db70
Event: 9.103 Thread 0x00000279bb5a2db0 Thread added: 0x00000279bba4ccd0


Dynamic libraries:
0x00007ff7b9a80000 - 0x00007ff7b9a90000 	C:\Program Files\Java\jdk-24\bin\java.exe
0x00007ff9ebe40000 - 0x00007ff9ec0a7000 	C:\WINDOWS\SYSTEM32\ntdll.dll
0x00007ff9eac70000 - 0x00007ff9ead39000 	C:\WINDOWS\System32\KERNEL32.DLL
0x00007ff9e9740000 - 0x00007ff9e9b34000 	C:\WINDOWS\System32\KERNELBASE.dll
0x00007ff9e89f0000 - 0x00007ff9e8b3b000 	C:\WINDOWS\System32\ucrtbase.dll
0x00007ff9d5100000 - 0x00007ff9d511b000 	C:\Program Files\Java\jdk-24\bin\VCRUNTIME140.dll
0x00007ff9d4c60000 - 0x00007ff9d4c76000 	C:\Program Files\Java\jdk-24\bin\jli.dll
0x00007ff9ea8b0000 - 0x00007ff9eaa75000 	C:\WINDOWS\System32\USER32.dll
0x00007ff9d08f0000 - 0x00007ff9d0b83000 	C:\WINDOWS\WinSxS\amd64_microsoft.windows.common-controls_6595b64144ccf1df_6.0.26100.8115_none_3e075c82e3354f9c\COMCTL32.dll
0x00007ff9e8ea0000 - 0x00007ff9e8ec7000 	C:\WINDOWS\System32\win32u.dll
0x00007ff9ea3c0000 - 0x00007ff9ea469000 	C:\WINDOWS\System32\msvcrt.dll
0x00007ff9ebcb0000 - 0x00007ff9ebcdb000 	C:\WINDOWS\System32\GDI32.dll
0x00007ff9e8bf0000 - 0x00007ff9e8d1b000 	C:\WINDOWS\System32\gdi32full.dll
0x00007ff9e8b40000 - 0x00007ff9e8be3000 	C:\WINDOWS\System32\msvcp_win.dll
0x00007ff9ea620000 - 0x00007ff9ea652000 	C:\WINDOWS\System32\IMM32.DLL
0x00007ff9d5f50000 - 0x00007ff9d5f5c000 	C:\Program Files\Java\jdk-24\bin\vcruntime140_1.dll
0x00007ff9d4250000 - 0x00007ff9d42de000 	C:\Program Files\Java\jdk-24\bin\msvcp140.dll
0x00007ff978920000 - 0x00007ff9796c1000 	C:\Program Files\Java\jdk-24\bin\server\jvm.dll
0x00007ff9e9cf0000 - 0x00007ff9e9da6000 	C:\WINDOWS\System32\ADVAPI32.dll
0x00007ff9ea280000 - 0x00007ff9ea327000 	C:\WINDOWS\System32\sechost.dll
0x00007ff9e9bd0000 - 0x00007ff9e9ce8000 	C:\WINDOWS\System32\RPCRT4.dll
0x00007ff9ea330000 - 0x00007ff9ea3b0000 	C:\WINDOWS\System32\WS2_32.dll
0x00007ff9e8570000 - 0x00007ff9e85ce000 	C:\WINDOWS\SYSTEM32\POWRPROF.dll
0x00007ff9e1d50000 - 0x00007ff9e1d5b000 	C:\WINDOWS\SYSTEM32\VERSION.dll
0x00007ff9e0ad0000 - 0x00007ff9e0b06000 	C:\WINDOWS\SYSTEM32\WINMM.dll
0x00007ff9e8550000 - 0x00007ff9e8564000 	C:\WINDOWS\SYSTEM32\UMPDC.dll
0x00007ff9e74a0000 - 0x00007ff9e74bb000 	C:\WINDOWS\SYSTEM32\kernel.appcore.dll
0x00007ff9d5cf0000 - 0x00007ff9d5cfa000 	C:\Program Files\Java\jdk-24\bin\jimage.dll
0x00007ff9d0e20000 - 0x00007ff9d1062000 	C:\WINDOWS\SYSTEM32\DBGHELP.DLL
0x00007ff9e9ef0000 - 0x00007ff9ea272000 	C:\WINDOWS\System32\combase.dll
0x00007ff9eab90000 - 0x00007ff9eac68000 	C:\WINDOWS\System32\OLEAUT32.dll
0x00007ff9ceb90000 - 0x00007ff9cebcb000 	C:\WINDOWS\SYSTEM32\dbgcore.DLL
0x00007ff9e87d0000 - 0x00007ff9e8875000 	C:\WINDOWS\System32\bcryptPrimitives.dll
0x00007ff9d5cb0000 - 0x00007ff9d5cbf000 	C:\Program Files\Java\jdk-24\bin\instrument.dll
0x00007ff9d4c40000 - 0x00007ff9d4c5e000 	C:\Program Files\Java\jdk-24\bin\java.dll
0x00007ff9ea480000 - 0x00007ff9ea617000 	C:\WINDOWS\System32\ole32.dll
0x00007ff9ead40000 - 0x00007ff9eb4a7000 	C:\WINDOWS\System32\SHELL32.dll
0x00007ff9e8880000 - 0x00007ff9e89ea000 	C:\WINDOWS\System32\wintypes.dll
0x00007ff9e8ed0000 - 0x00007ff9e9738000 	C:\WINDOWS\System32\windows.storage.dll
0x00007ff9ebcf0000 - 0x00007ff9ebde8000 	C:\WINDOWS\System32\SHCORE.dll
0x00007ff9ea660000 - 0x00007ff9ea6c6000 	C:\WINDOWS\System32\shlwapi.dll
0x00007ff9e8630000 - 0x00007ff9e8659000 	C:\WINDOWS\SYSTEM32\profapi.dll
0x00007ff9d3080000 - 0x00007ff9d3157000 	C:\Program Files\Java\jdk-24\bin\jsvml.dll
0x00007ff9d4c20000 - 0x00007ff9d4c37000 	C:\Program Files\Java\jdk-24\bin\zip.dll
0x00007ff9d5150000 - 0x00007ff9d5160000 	C:\Program Files\Java\jdk-24\bin\net.dll
0x00007ff9e7a10000 - 0x00007ff9e7a7c000 	C:\WINDOWS\system32\mswsock.dll
0x00007ff9d4870000 - 0x00007ff9d4886000 	C:\Program Files\Java\jdk-24\bin\nio.dll
0x00007ff9d4d70000 - 0x00007ff9d4d80000 	C:\Program Files\Java\jdk-24\bin\verify.dll
0x00007ff9d5e90000 - 0x00007ff9d5eb7000 	C:\Users\Admin\.gradle\native\660c5614fbf4a5f2a75b1949f50a0caf5cd603558e7d8a26e50b933a0cfb79d1\windows-amd64\native-platform.dll
0x00007ff9d3f30000 - 0x00007ff9d3fa7000 	C:\Users\Admin\.gradle\native\0.2.8\x86_64-windows-gnu\gradle-fileevents.dll
0x00007ff9d4af0000 - 0x00007ff9d4afa000 	C:\Program Files\Java\jdk-24\bin\management.dll
0x00007ff9d4a20000 - 0x00007ff9d4a2b000 	C:\Program Files\Java\jdk-24\bin\management_ext.dll
0x00007ff9ea470000 - 0x00007ff9ea478000 	C:\WINDOWS\System32\PSAPI.DLL
0x00007ff9e6ea0000 - 0x00007ff9e6ed2000 	C:\WINDOWS\SYSTEM32\IPHLPAPI.DLL
0x00007ff9ebce0000 - 0x00007ff9ebcea000 	C:\WINDOWS\System32\NSI.dll
0x00007ff9d4860000 - 0x00007ff9d4869000 	C:\Program Files\Java\jdk-24\bin\extnet.dll
0x00007ff9e7cf0000 - 0x00007ff9e7d0b000 	C:\WINDOWS\SYSTEM32\CRYPTSP.dll
0x00007ff9e7400000 - 0x00007ff9e7439000 	C:\WINDOWS\system32\rsaenh.dll
0x00007ff9e7ac0000 - 0x00007ff9e7af3000 	C:\WINDOWS\SYSTEM32\USERENV.dll
0x00007ff9e8600000 - 0x00007ff9e862a000 	C:\WINDOWS\SYSTEM32\bcrypt.dll
0x00007ff9e7d10000 - 0x00007ff9e7d1c000 	C:\WINDOWS\SYSTEM32\CRYPTBASE.dll
0x00007ff9d45b0000 - 0x00007ff9d45be000 	C:\Program Files\Java\jdk-24\bin\sunmscapi.dll
0x00007ff9e8d20000 - 0x00007ff9e8e97000 	C:\WINDOWS\System32\CRYPT32.dll
0x00007ff9e7f10000 - 0x00007ff9e7f40000 	C:\WINDOWS\SYSTEM32\ncrypt.dll
0x00007ff9e7ec0000 - 0x00007ff9e7eff000 	C:\WINDOWS\SYSTEM32\NTASN1.dll
0x00007ff9db2d0000 - 0x00007ff9db2d8000 	C:\WINDOWS\system32\wshunix.dll

JVMTI agents:
C:\Users\Admin\.gradle\wrapper\dists\gradle-9.4.1-bin\arn2x92ynaizyzdaamcbpbhtj\gradle-9.4.1\lib\agents\gradle-instrumentation-agent-9.4.1.jar path:C:\Program Files\Java\jdk-24\bin\instrument.dll, loaded, initialized, instrumentlib options:none

dbghelp: loaded successfully - version: 4.0.5 - missing functions: none
symbol engine: initialized successfully - sym options: 0x614 - pdb path: .;C:\Program Files\Java\jdk-24\bin;C:\WINDOWS\SYSTEM32;C:\WINDOWS\WinSxS\amd64_microsoft.windows.common-controls_6595b64144ccf1df_6.0.26100.8115_none_3e075c82e3354f9c;C:\Program Files\Java\jdk-24\bin\server;C:\Users\Admin\.gradle\native\660c5614fbf4a5f2a75b1949f50a0caf5cd603558e7d8a26e50b933a0cfb79d1\windows-amd64;C:\Users\Admin\.gradle\native\0.2.8\x86_64-windows-gnu

VM Arguments:
jvm_args: --add-opens=java.base/java.lang=ALL-UNNAMED --add-opens=java.base/java.lang.invoke=ALL-UNNAMED --add-opens=java.base/java.util=ALL-UNNAMED --add-opens=java.prefs/java.util.prefs=ALL-UNNAMED --add-exports=jdk.compiler/com.sun.tools.javac.api=ALL-UNNAMED --add-exports=jdk.compiler/com.sun.tools.javac.util=ALL-UNNAMED --add-opens=java.base/java.util=ALL-UNNAMED --add-opens=java.prefs/java.util.prefs=ALL-UNNAMED --add-opens=java.base/java.nio.charset=ALL-UNNAMED --add-opens=java.base/java.net=ALL-UNNAMED --add-opens=java.base/java.util.concurrent=ALL-UNNAMED --add-opens=java.base/java.util.concurrent.atomic=ALL-UNNAMED --add-opens=java.xml/javax.xml.namespace=ALL-UNNAMED --add-opens=java.base/java.time=ALL-UNNAMED --enable-native-access=ALL-UNNAMED -XX:MaxMetaspaceSize=384m -XX:+HeapDumpOnOutOfMemoryError -Xms256m -Xmx512m -Dfile.encoding=UTF-8 -Duser.country=US -Duser.language=en -Duser.variant -javaagent:C:\Users\Admin\.gradle\wrapper\dists\gradle-9.4.1-bin\arn2x92ynaizyzdaamcbpbhtj\gradle-9.4.1\lib\agents\gradle-instrumentation-agent-9.4.1.jar 
java_command: org.gradle.launcher.daemon.bootstrap.GradleDaemon 9.4.1
java_class_path (initial): C:\Users\Admin\.gradle\wrapper\dists\gradle-9.4.1-bin\arn2x92ynaizyzdaamcbpbhtj\gradle-9.4.1\lib\gradle-daemon-main-9.4.1.jar
Launcher Type: SUN_STANDARD

[Global flags]
     intx CICompilerCount                          = 4                                         {product} {ergonomic}
   size_t CompressedClassSpaceSize                 = 335544320                                 {product} {ergonomic}
     uint ConcGCThreads                            = 3                                         {product} {ergonomic}
     uint G1ConcRefinementThreads                  = 10                                        {product} {ergonomic}
   size_t G1HeapRegionSize                         = 1048576                                   {product} {ergonomic}
     bool HeapDumpOnOutOfMemoryError               = true                                   {manageable} {command line}
   size_t InitialHeapSize                          = 268435456                                 {product} {command line}
   size_t MarkStackSize                            = 4194304                                   {product} {ergonomic}
   size_t MarkStackSizeMax                         = 536870912                                 {product} {ergonomic}
   size_t MaxHeapSize                              = 536870912                                 {product} {command line}
   size_t MaxMetaspaceSize                         = 402653184                                 {product} {command line}
   size_t MaxNewSize                               = 321912832                                 {product} {ergonomic}
   size_t MinHeapDeltaBytes                        = 1048576                                   {product} {ergonomic}
   size_t MinHeapSize                              = 268435456                                 {product} {command line}
    uintx NonNMethodCodeHeapSize                   = 5832704                                {pd product} {ergonomic}
    uintx NonProfiledCodeHeapSize                  = 122945536                              {pd product} {ergonomic}
    uintx ProfiledCodeHeapSize                     = 122880000                              {pd product} {ergonomic}
    uintx ReservedCodeCacheSize                    = 251658240                              {pd product} {ergonomic}
     bool SegmentedCodeCache                       = true                                      {product} {ergonomic}
   size_t SoftMaxHeapSize                          = 536870912                              {manageable} {ergonomic}
     bool UseCompressedOops                        = true                           {product lp64_product} {ergonomic}
     bool UseG1GC                                  = true                                      {product} {ergonomic}
     bool UseLargePagesIndividualAllocation        = false                                  {pd product} {ergonomic}

Logging:
Log output configuration:
 #0: stdout all=warning uptime,level,tags foldmultilines=false
 #1: stderr all=off uptime,level,tags foldmultilines=false

Environment Variables:
PATH=C:\Program Files (x86)\VMware\VMware Workstation\bin\;C:\Program Files\Common Files\Oracle\Java\javapath;C:\WINDOWS\system32;C:\WINDOWS;C:\WINDOWS\System32\Wbem;C:\WINDOWS\System32\WindowsPowerShell\v1.0\;C:\WINDOWS\System32\OpenSSH\;C:\Program Files\Java\jdk-24\bin;C:\Program Files\Cloudflare\Cloudflare WARP\;C:\Program Files\Git\cmd;C:\Program Files\dotnet\;C:\Users\Admin\AppData\Local\Microsoft\WindowsApps;D:\Microsoft VS Code\bin;D:\IntelliJ IDEA 2025.2.5\bin;C:\Users\Admin\AppData\Local\GitHubDesktop\bin;C:\ProgramData\Admin\GitHubDesktop\bin;C:\Users\Admin\AppData\Local\Programs\Antigravity\bin
USERNAME=Admin
OS=Windows_NT
PROCESSOR_IDENTIFIER=AMD64 Family 23 Model 104 Stepping 1, AuthenticAMD
TMP=C:\Users\Admin\AppData\Local\Temp
TEMP=C:\Users\Admin\AppData\Local\Temp




Periodic native trim disabled

---------------  S Y S T E M  ---------------

OS:
 Windows 11 , 64 bit Build 26100 (10.0.26100.8246)
OS uptime: 1 days 6:57 hours

CPU: total 12 (initial active 12) (12 cores per cpu, 2 threads per core) family 23 model 104 stepping 1 microcode 0x8608103, cx8, cmov, fxsr, ht, mmx, 3dnowpref, sse, sse2, sse3, ssse3, sse4a, sse4.1, sse4.2, popcnt, lzcnt, tsc, tscinvbit, avx, avx2, aes, clmul, bmi1, bmi2, adx, sha, fma, vzeroupper, clflush, clflushopt, rdtscp, rdpid, f16c
Processor Information for processor 0
  Max Mhz: 2100, Current Mhz: 2100, Mhz Limit: 2100
Processor Information for processor 1
  Max Mhz: 2100, Current Mhz: 2100, Mhz Limit: 2100
Processor Information for processor 2
  Max Mhz: 2100, Current Mhz: 2100, Mhz Limit: 2100
Processor Information for processor 3
  Max Mhz: 2100, Current Mhz: 1988, Mhz Limit: 2100
Processor Information for processor 4
  Max Mhz: 2100, Current Mhz: 2100, Mhz Limit: 2100
Processor Information for processor 5
  Max Mhz: 2100, Current Mhz: 1988, Mhz Limit: 2100
Processor Information for processor 6
  Max Mhz: 2100, Current Mhz: 2100, Mhz Limit: 2100
Processor Information for processor 7
  Max Mhz: 2100, Current Mhz: 2100, Mhz Limit: 2100
Processor Information for processor 8
  Max Mhz: 2100, Current Mhz: 2100, Mhz Limit: 2100
Processor Information for processor 9
  Max Mhz: 2100, Current Mhz: 1988, Mhz Limit: 2100
Processor Information for processor 10
  Max Mhz: 2100, Current Mhz: 1988, Mhz Limit: 2100
Processor Information for processor 11
  Max Mhz: 2100, Current Mhz: 2100, Mhz Limit: 2100

Memory: 4k page, system-wide physical 7514M (769M free)
TotalPageFile size 15706M (AvailPageFile size 9M)
current process WorkingSet (physical memory assigned to process): 335M, peak: 350M
current process commit charge ("private bytes"): 472M, peak: 501M

vm_info: Java HotSpot(TM) 64-Bit Server VM (24.0.2+12-54) for windows-amd64 JRE (24.0.2+12-54), built on 2025-07-08T12:10:27Z with MS VC++ 17.6 (VS2022)

END.
